{"/home/travis/build/npmtest/node-npmtest-interfais/test.js":{"path":"/home/travis/build/npmtest/node-npmtest-interfais/test.js","s":{"1":2,"2":2,"3":2,"4":2,"5":2,"6":2,"7":2,"8":1,"9":2,"10":2,"11":1,"12":1,"13":1,"14":1,"15":2,"16":2,"17":2,"18":2,"19":1,"20":1,"21":2,"22":2,"23":2,"24":1,"25":1,"26":1,"27":1,"28":1,"29":1,"30":1,"31":1,"32":1,"33":1,"34":1,"35":1,"36":1,"37":1,"38":1,"39":2,"40":2,"41":1,"42":2,"43":2,"44":1,"45":2,"46":2,"47":1,"48":2,"49":2,"50":1,"51":1,"52":1,"53":1,"54":1},"b":{"1":[2,1,1,1],"2":[1,1,1,1],"3":[1,1],"4":[1,1],"5":[1,1],"6":[1,1],"7":[1,1],"8":[1,1],"9":[1,1],"10":[1,1,1],"11":[1,1],"12":[1,1],"13":[1,1],"14":[1,1],"15":[1,1],"16":[1,1],"17":[1,1]},"f":{"1":2,"2":2,"3":2,"4":2,"5":2,"6":1,"7":1,"8":1,"9":2,"10":2,"11":2,"12":2,"13":1},"fnMap":{"1":{"name":"(anonymous_1)","line":12,"loc":{"start":{"line":12,"column":1},"end":{"line":12,"column":13}}},"2":{"name":"(anonymous_2)","line":19,"loc":{"start":{"line":19,"column":5},"end":{"line":19,"column":17}}},"3":{"name":"(anonymous_3)","line":23,"loc":{"start":{"line":23,"column":24},"end":{"line":23,"column":36}}},"4":{"name":"(anonymous_4)","line":61,"loc":{"start":{"line":61,"column":5},"end":{"line":61,"column":17}}},"5":{"name":"(anonymous_5)","line":82,"loc":{"start":{"line":82,"column":5},"end":{"line":82,"column":17}}},"6":{"name":"(anonymous_6)","line":91,"loc":{"start":{"line":91,"column":77},"end":{"line":94,"column":10}}},"7":{"name":"(anonymous_7)","line":112,"loc":{"start":{"line":112,"column":83},"end":{"line":115,"column":10}},"skip":true},"8":{"name":"(anonymous_8)","line":123,"loc":{"start":{"line":123,"column":77},"end":{"line":126,"column":10}},"skip":true},"9":{"name":"(anonymous_9)","line":139,"loc":{"start":{"line":139,"column":12},"end":{"line":139,"column":40}},"skip":true},"10":{"name":"(anonymous_10)","line":147,"loc":{"start":{"line":147,"column":77},"end":{"line":150,"column":10}},"skip":true},"11":{"name":"(anonymous_11)","line":158,"loc":{"start":{"line":158,"column":83},"end":{"line":161,"column":10}},"skip":true},"12":{"name":"(anonymous_12)","line":169,"loc":{"start":{"line":169,"column":79},"end":{"line":172,"column":10}},"skip":true},"13":{"name":"(anonymous_13)","line":180,"loc":{"start":{"line":180,"column":75},"end":{"line":183,"column":10}},"skip":true}},"statementMap":{"1":{"start":{"line":12,"column":0},"end":{"line":195,"column":5}},"2":{"start":{"line":14,"column":4},"end":{"line":14,"column":14}},"3":{"start":{"line":19,"column":4},"end":{"line":56,"column":9}},"4":{"start":{"line":21,"column":8},"end":{"line":21,"column":19}},"5":{"start":{"line":23,"column":8},"end":{"line":35,"column":13}},"6":{"start":{"line":24,"column":12},"end":{"line":34,"column":13}},"7":{"start":{"line":25,"column":16},"end":{"line":28,"column":30}},"8":{"start":{"line":30,"column":16},"end":{"line":33,"column":27}},"9":{"start":{"line":37,"column":8},"end":{"line":39,"column":21}},"10":{"start":{"line":40,"column":8},"end":{"line":53,"column":9}},"11":{"start":{"line":43,"column":12},"end":{"line":46,"column":14}},"12":{"start":{"line":47,"column":12},"end":{"line":47,"column":18}},"13":{"start":{"line":50,"column":12},"end":{"line":51,"column":33}},"14":{"start":{"line":52,"column":12},"end":{"line":52,"column":18}},"15":{"start":{"line":55,"column":8},"end":{"line":55,"column":35}},"16":{"start":{"line":61,"column":4},"end":{"line":63,"column":9}},"17":{"start":{"line":62,"column":8},"end":{"line":62,"column":15}},"18":{"start":{"line":64,"column":4},"end":{"line":77,"column":5}},"19":{"start":{"line":70,"column":8},"end":{"line":70,"column":14}},"20":{"start":{"line":76,"column":8},"end":{"line":76,"column":14}},"21":{"start":{"line":82,"column":4},"end":{"line":84,"column":9}},"22":{"start":{"line":83,"column":8},"end":{"line":83,"column":15}},"23":{"start":{"line":85,"column":4},"end":{"line":194,"column":5}},"24":{"start":{"line":91,"column":8},"end":{"line":99,"column":10}},"25":{"start":{"line":98,"column":12},"end":{"line":98,"column":35}},"26":{"start":{"line":102,"column":8},"end":{"line":104,"column":63}},"27":{"start":{"line":105,"column":8},"end":{"line":105,"column":14}},"28":{"start":{"line":112,"column":8},"end":{"line":121,"column":10},"skip":true},"29":{"start":{"line":119,"column":12},"end":{"line":119,"column":55},"skip":true},"30":{"start":{"line":120,"column":12},"end":{"line":120,"column":48},"skip":true},"31":{"start":{"line":123,"column":8},"end":{"line":136,"column":10},"skip":true},"32":{"start":{"line":130,"column":12},"end":{"line":130,"column":76},"skip":true},"33":{"start":{"line":131,"column":12},"end":{"line":131,"column":73},"skip":true},"34":{"start":{"line":132,"column":12},"end":{"line":132,"column":74},"skip":true},"35":{"start":{"line":133,"column":12},"end":{"line":133,"column":79},"skip":true},"36":{"start":{"line":134,"column":12},"end":{"line":134,"column":25},"skip":true},"37":{"start":{"line":135,"column":12},"end":{"line":135,"column":45},"skip":true},"38":{"start":{"line":138,"column":8},"end":{"line":145,"column":14},"skip":true},"39":{"start":{"line":143,"column":16},"end":{"line":143,"column":29},"skip":true},"40":{"start":{"line":144,"column":16},"end":{"line":144,"column":55},"skip":true},"41":{"start":{"line":147,"column":8},"end":{"line":156,"column":10},"skip":true},"42":{"start":{"line":154,"column":12},"end":{"line":154,"column":25},"skip":true},"43":{"start":{"line":155,"column":12},"end":{"line":155,"column":45},"skip":true},"44":{"start":{"line":158,"column":8},"end":{"line":167,"column":10},"skip":true},"45":{"start":{"line":165,"column":12},"end":{"line":165,"column":25},"skip":true},"46":{"start":{"line":166,"column":12},"end":{"line":166,"column":48},"skip":true},"47":{"start":{"line":169,"column":8},"end":{"line":178,"column":10},"skip":true},"48":{"start":{"line":176,"column":12},"end":{"line":176,"column":25},"skip":true},"49":{"start":{"line":177,"column":12},"end":{"line":177,"column":46},"skip":true},"50":{"start":{"line":180,"column":8},"end":{"line":189,"column":10},"skip":true},"51":{"start":{"line":187,"column":12},"end":{"line":187,"column":94},"skip":true},"52":{"start":{"line":188,"column":12},"end":{"line":188,"column":48},"skip":true},"53":{"start":{"line":192,"column":8},"end":{"line":192,"column":35},"skip":true},"54":{"start":{"line":193,"column":8},"end":{"line":193,"column":14},"skip":true}},"branchMap":{"1":{"line":25,"type":"binary-expr","locations":[{"start":{"line":25,"column":23},"end":{"line":25,"column":62}},{"start":{"line":26,"column":20},"end":{"line":26,"column":70}},{"start":{"line":27,"column":20},"end":{"line":27,"column":71}},{"start":{"line":28,"column":20},"end":{"line":28,"column":29}}]},"2":{"line":30,"type":"binary-expr","locations":[{"start":{"line":30,"column":23},"end":{"line":30,"column":37}},{"start":{"line":31,"column":20},"end":{"line":31,"column":61}},{"start":{"line":32,"column":20},"end":{"line":32,"column":70}},{"start":{"line":33,"column":20},"end":{"line":33,"column":26}}]},"3":{"line":37,"type":"cond-expr","locations":[{"start":{"line":38,"column":14},"end":{"line":38,"column":20}},{"start":{"line":39,"column":14},"end":{"line":39,"column":20}}]},"4":{"line":40,"type":"switch","locations":[{"start":{"line":42,"column":8},"end":{"line":47,"column":18}},{"start":{"line":49,"column":8},"end":{"line":52,"column":18}}]},"5":{"line":44,"type":"binary-expr","locations":[{"start":{"line":44,"column":16},"end":{"line":44,"column":44}},{"start":{"line":44,"column":48},"end":{"line":44,"column":66}}]},"6":{"line":50,"type":"binary-expr","locations":[{"start":{"line":50,"column":21},"end":{"line":50,"column":49}},{"start":{"line":50,"column":53},"end":{"line":50,"column":72}}]},"7":{"line":64,"type":"switch","locations":[{"start":{"line":69,"column":4},"end":{"line":70,"column":14}},{"start":{"line":75,"column":4},"end":{"line":76,"column":14}}]},"8":{"line":85,"type":"switch","locations":[{"start":{"line":90,"column":4},"end":{"line":105,"column":14}},{"start":{"line":111,"column":4},"end":{"line":193,"column":14},"skip":true}]},"9":{"line":91,"type":"binary-expr","locations":[{"start":{"line":91,"column":42},"end":{"line":91,"column":73}},{"start":{"line":91,"column":77},"end":{"line":99,"column":9}}]},"10":{"line":102,"type":"binary-expr","locations":[{"start":{"line":102,"column":18},"end":{"line":102,"column":32}},{"start":{"line":103,"column":12},"end":{"line":103,"column":53}},{"start":{"line":104,"column":12},"end":{"line":104,"column":61}}]},"11":{"line":112,"type":"binary-expr","locations":[{"start":{"line":112,"column":45},"end":{"line":112,"column":79},"skip":true},{"start":{"line":112,"column":83},"end":{"line":121,"column":9},"skip":true}]},"12":{"line":123,"type":"binary-expr","locations":[{"start":{"line":123,"column":42},"end":{"line":123,"column":73},"skip":true},{"start":{"line":123,"column":77},"end":{"line":136,"column":9},"skip":true}]},"13":{"line":138,"type":"binary-expr","locations":[{"start":{"line":138,"column":48},"end":{"line":138,"column":85},"skip":true},{"start":{"line":139,"column":12},"end":{"line":145,"column":13},"skip":true}]},"14":{"line":147,"type":"binary-expr","locations":[{"start":{"line":147,"column":42},"end":{"line":147,"column":73},"skip":true},{"start":{"line":147,"column":77},"end":{"line":156,"column":9},"skip":true}]},"15":{"line":158,"type":"binary-expr","locations":[{"start":{"line":158,"column":45},"end":{"line":158,"column":79},"skip":true},{"start":{"line":158,"column":83},"end":{"line":167,"column":9},"skip":true}]},"16":{"line":169,"type":"binary-expr","locations":[{"start":{"line":169,"column":43},"end":{"line":169,"column":75},"skip":true},{"start":{"line":169,"column":79},"end":{"line":178,"column":9},"skip":true}]},"17":{"line":180,"type":"binary-expr","locations":[{"start":{"line":180,"column":41},"end":{"line":180,"column":71},"skip":true},{"start":{"line":180,"column":75},"end":{"line":189,"column":9},"skip":true}]}},"code":["/* istanbul instrument in package npmtest_interfais */","/*jslint","    bitwise: true,","    browser: true,","    maxerr: 8,","    maxlen: 96,","    node: true,","    nomen: true,","    regexp: true,","    stupid: true","*/","(function () {","    'use strict';","    var local;","","","","    // run shared js-env code - pre-init","    (function () {","        // init local","        local = {};","        // init modeJs","        local.modeJs = (function () {","            try {","                return typeof navigator.userAgent === 'string' &&","                    typeof document.querySelector('body') === 'object' &&","                    typeof XMLHttpRequest.prototype.open === 'function' &&","                    'browser';","            } catch (errorCaughtBrowser) {","                return module.exports &&","                    typeof process.versions.node === 'string' &&","                    typeof require('http').createServer === 'function' &&","                    'node';","            }","        }());","        // init global","        local.global = local.modeJs === 'browser'","            ? window","            : global;","        switch (local.modeJs) {","        // re-init local from window.local","        case 'browser':","            local = local.global.utility2.objectSetDefault(","                local.global.utility2_rollup || local.global.local,","                local.global.utility2","            );","            break;","        // re-init local from example.js","        case 'node':","            local = (local.global.utility2_rollup || require('utility2'))","                .requireReadme();","            break;","        }","        // export local","        local.global.local = local;","    }());","","","","    // run shared js-env code - function","    (function () {","        return;","    }());","    switch (local.modeJs) {","","","","    // run browser js-env code - function","    case 'browser':","        break;","","","","    // run node js-env code - function","    case 'node':","        break;","    }","","","","    // run shared js-env code - post-init","    (function () {","        return;","    }());","    switch (local.modeJs) {","","","","    // run browser js-env code - post-init","    case 'browser':","        local.testCase_browser_nullCase = local.testCase_browser_nullCase || function (","            options,","            onError","        ) {","        /*","         * this function will test browsers's null-case handling-behavior-behavior","         */","            onError(null, options);","        };","","        // run tests","        local.nop(local.modeTest &&","            document.querySelector('#testRunButton1') &&","            document.querySelector('#testRunButton1').click());","        break;","","","","    // run node js-env code - post-init","    /* istanbul ignore next */","    case 'node':","        local.testCase_buildApidoc_default = local.testCase_buildApidoc_default || function (","            options,","            onError","        ) {","        /*","         * this function will test buildApidoc's default handling-behavior-behavior","         */","            options = { modulePathList: module.paths };","            local.buildApidoc(options, onError);","        };","","        local.testCase_buildApp_default = local.testCase_buildApp_default || function (","            options,","            onError","        ) {","        /*","         * this function will test buildApp's default handling-behavior-behavior","         */","            local.testCase_buildReadme_default(options, local.onErrorThrow);","            local.testCase_buildLib_default(options, local.onErrorThrow);","            local.testCase_buildTest_default(options, local.onErrorThrow);","            local.testCase_buildCustomOrg_default(options, local.onErrorThrow);","            options = [];","            local.buildApp(options, onError);","        };","","        local.testCase_buildCustomOrg_default = local.testCase_buildCustomOrg_default ||","            function (options, onError) {","            /*","             * this function will test buildCustomOrg's default handling-behavior","             */","                options = {};","                local.buildCustomOrg(options, onError);","            };","","        local.testCase_buildLib_default = local.testCase_buildLib_default || function (","            options,","            onError","        ) {","        /*","         * this function will test buildLib's default handling-behavior","         */","            options = {};","            local.buildLib(options, onError);","        };","","        local.testCase_buildReadme_default = local.testCase_buildReadme_default || function (","            options,","            onError","        ) {","        /*","         * this function will test buildReadme's default handling-behavior-behavior","         */","            options = {};","            local.buildReadme(options, onError);","        };","","        local.testCase_buildTest_default = local.testCase_buildTest_default || function (","            options,","            onError","        ) {","        /*","         * this function will test buildTest's default handling-behavior","         */","            options = {};","            local.buildTest(options, onError);","        };","","        local.testCase_webpage_default = local.testCase_webpage_default || function (","            options,","            onError","        ) {","        /*","         * this function will test webpage's default handling-behavior","         */","            options = { modeCoverageMerge: true, url: local.serverLocalHost + '?modeTest=1' };","            local.browserTest(options, onError);","        };","","        // run test-server","        local.testRunServer(local);","        break;","    }","}());",""],"l":{"12":2,"14":2,"19":2,"21":2,"23":2,"24":2,"25":2,"30":1,"37":2,"40":2,"43":1,"47":1,"50":1,"52":1,"55":2,"61":2,"62":2,"64":2,"70":1,"76":1,"82":2,"83":2,"85":2,"91":1,"98":1,"102":1,"105":1,"112":1,"119":1,"120":1,"123":1,"130":1,"131":1,"132":1,"133":1,"134":1,"135":1,"138":1,"143":2,"144":2,"147":1,"154":2,"155":2,"158":1,"165":2,"166":2,"169":1,"176":2,"177":2,"180":1,"187":1,"188":1,"192":1,"193":1}},"/home/travis/build/npmtest/node-npmtest-interfais/lib.npmtest_interfais.js":{"path":"/home/travis/build/npmtest/node-npmtest-interfais/lib.npmtest_interfais.js","s":{"1":2,"2":2,"3":2,"4":2,"5":2,"6":2,"7":2,"8":1,"9":2,"10":2,"11":2,"12":2,"13":1,"14":1,"15":1,"16":1},"b":{"1":[2,1,1,1],"2":[1,1,1,1],"3":[1,1],"4":[2,2],"5":[1,1]},"f":{"1":2,"2":2,"3":2},"fnMap":{"1":{"name":"(anonymous_1)","line":12,"loc":{"start":{"line":12,"column":1},"end":{"line":12,"column":13}}},"2":{"name":"(anonymous_2)","line":19,"loc":{"start":{"line":19,"column":5},"end":{"line":19,"column":17}}},"3":{"name":"(anonymous_3)","line":23,"loc":{"start":{"line":23,"column":24},"end":{"line":23,"column":36}}}},"statementMap":{"1":{"start":{"line":12,"column":0},"end":{"line":53,"column":5}},"2":{"start":{"line":14,"column":4},"end":{"line":14,"column":14}},"3":{"start":{"line":19,"column":4},"end":{"line":52,"column":9}},"4":{"start":{"line":21,"column":8},"end":{"line":21,"column":19}},"5":{"start":{"line":23,"column":8},"end":{"line":35,"column":13}},"6":{"start":{"line":24,"column":12},"end":{"line":34,"column":13}},"7":{"start":{"line":25,"column":16},"end":{"line":28,"column":30}},"8":{"start":{"line":30,"column":16},"end":{"line":33,"column":27}},"9":{"start":{"line":37,"column":8},"end":{"line":39,"column":21}},"10":{"start":{"line":41,"column":8},"end":{"line":41,"column":54}},"11":{"start":{"line":43,"column":8},"end":{"line":43,"column":54}},"12":{"start":{"line":45,"column":8},"end":{"line":51,"column":9}},"13":{"start":{"line":46,"column":12},"end":{"line":46,"column":60}},"14":{"start":{"line":48,"column":12},"end":{"line":48,"column":35}},"15":{"start":{"line":49,"column":12},"end":{"line":49,"column":49}},"16":{"start":{"line":50,"column":12},"end":{"line":50,"column":43}}},"branchMap":{"1":{"line":25,"type":"binary-expr","locations":[{"start":{"line":25,"column":23},"end":{"line":25,"column":62}},{"start":{"line":26,"column":20},"end":{"line":26,"column":70}},{"start":{"line":27,"column":20},"end":{"line":27,"column":71}},{"start":{"line":28,"column":20},"end":{"line":28,"column":29}}]},"2":{"line":30,"type":"binary-expr","locations":[{"start":{"line":30,"column":23},"end":{"line":30,"column":37}},{"start":{"line":31,"column":20},"end":{"line":31,"column":61}},{"start":{"line":32,"column":20},"end":{"line":32,"column":70}},{"start":{"line":33,"column":20},"end":{"line":33,"column":26}}]},"3":{"line":37,"type":"cond-expr","locations":[{"start":{"line":38,"column":14},"end":{"line":38,"column":20}},{"start":{"line":39,"column":14},"end":{"line":39,"column":20}}]},"4":{"line":41,"type":"binary-expr","locations":[{"start":{"line":41,"column":16},"end":{"line":41,"column":44}},{"start":{"line":41,"column":48},"end":{"line":41,"column":53}}]},"5":{"line":45,"type":"if","locations":[{"start":{"line":45,"column":8},"end":{"line":45,"column":8}},{"start":{"line":45,"column":8},"end":{"line":45,"column":8}}]}},"code":["/* istanbul instrument in package npmtest_interfais */","/*jslint","    bitwise: true,","    browser: true,","    maxerr: 8,","    maxlen: 96,","    node: true,","    nomen: true,","    regexp: true,","    stupid: true","*/","(function () {","    'use strict';","    var local;","","","","    // run shared js-env code - pre-init","    (function () {","        // init local","        local = {};","        // init modeJs","        local.modeJs = (function () {","            try {","                return typeof navigator.userAgent === 'string' &&","                    typeof document.querySelector('body') === 'object' &&","                    typeof XMLHttpRequest.prototype.open === 'function' &&","                    'browser';","            } catch (errorCaughtBrowser) {","                return module.exports &&","                    typeof process.versions.node === 'string' &&","                    typeof require('http').createServer === 'function' &&","                    'node';","            }","        }());","        // init global","        local.global = local.modeJs === 'browser'","            ? window","            : global;","        // init utility2_rollup","        local = local.global.utility2_rollup || local;","        // init lib","        local.local = local.npmtest_interfais = local;","        // init exports","        if (local.modeJs === 'browser') {","            local.global.utility2_npmtest_interfais = local;","        } else {","            module.exports = local;","            module.exports.__dirname = __dirname;","            module.exports.module = module;","        }","    }());","}());",""],"l":{"12":2,"14":2,"19":2,"21":2,"23":2,"24":2,"25":2,"30":1,"37":2,"41":2,"43":2,"45":2,"46":1,"48":1,"49":1,"50":1}},"/home/travis/build/npmtest/node-npmtest-interfais/example.js":{"path":"/home/travis/build/npmtest/node-npmtest-interfais/example.js","s":{"1":2,"2":2,"3":2,"4":2,"5":2,"6":2,"7":2,"8":1,"9":2,"10":2,"11":2,"12":2,"13":1,"14":2,"15":2,"16":2,"17":2,"18":2,"19":0,"20":2,"21":1,"22":1,"23":1,"24":1,"25":1,"26":0,"27":0,"28":1,"29":1,"30":2,"31":0,"32":0,"33":0,"34":1,"35":2,"36":2,"37":3,"38":3,"39":3,"40":3,"41":0,"42":3,"43":3,"44":3,"45":1,"46":3,"47":1,"48":1,"49":1,"50":1,"51":1,"52":1,"53":1,"54":1,"55":1,"56":1,"57":0,"58":1,"59":6,"60":6,"61":1,"62":2,"63":0,"64":2,"65":1,"66":1,"67":0,"68":0,"69":0,"70":0,"71":0,"72":0,"73":0,"74":0,"75":0,"76":0,"77":0,"78":0,"79":0,"80":0,"81":0,"82":0,"83":0},"b":{"1":[2,1,1,1],"2":[1,1,1,1],"3":[1,1],"4":[2,2],"5":[1,1],"6":[1,1],"7":[2,0],"8":[2,1,1,1,1,1],"9":[0,2,0],"10":[1,1],"11":[2,1,1],"12":[1,0],"13":[0,2],"14":[2,0,0,0,0,0,0],"15":[0,3],"16":[3,0],"17":[1,1],"18":[0,1],"19":[1,2,0,2],"20":[1,0],"21":[1,1],"22":[0,0],"23":[0,0],"24":[0,0],"25":[0,0],"26":[0,0],"27":[0,0],"28":[0,0]},"f":{"1":2,"2":2,"3":2,"4":2,"5":2,"6":2,"7":3,"8":3,"9":3,"10":1,"11":6,"12":0},"fnMap":{"1":{"name":"(anonymous_1)","line":26,"loc":{"start":{"line":26,"column":1},"end":{"line":26,"column":13}}},"2":{"name":"(anonymous_2)","line":33,"loc":{"start":{"line":33,"column":5},"end":{"line":33,"column":17}}},"3":{"name":"(anonymous_3)","line":37,"loc":{"start":{"line":37,"column":24},"end":{"line":37,"column":36}}},"4":{"name":"(anonymous_4)","line":69,"loc":{"start":{"line":69,"column":31},"end":{"line":69,"column":48}},"skip":true},"5":{"name":"(anonymous_5)","line":78,"loc":{"start":{"line":78,"column":26},"end":{"line":78,"column":45}},"skip":true},"6":{"name":"(anonymous_6)","line":123,"loc":{"start":{"line":123,"column":33},"end":{"line":123,"column":48}},"skip":true},"7":{"name":"(anonymous_7)","line":125,"loc":{"start":{"line":125,"column":27},"end":{"line":125,"column":39}},"skip":true},"8":{"name":"(anonymous_8)","line":133,"loc":{"start":{"line":133,"column":59},"end":{"line":133,"column":74}},"skip":true},"9":{"name":"(anonymous_9)","line":143,"loc":{"start":{"line":143,"column":45},"end":{"line":143,"column":62}},"skip":true},"10":{"name":"(anonymous_10)","line":144,"loc":{"start":{"line":144,"column":73},"end":{"line":144,"column":92}},"skip":true},"11":{"name":"(anonymous_11)","line":272,"loc":{"start":{"line":272,"column":51},"end":{"line":272,"column":77}},"skip":true},"12":{"name":"(anonymous_12)","line":315,"loc":{"start":{"line":315,"column":32},"end":{"line":315,"column":61}},"skip":true}},"statementMap":{"1":{"start":{"line":26,"column":0},"end":{"line":326,"column":5}},"2":{"start":{"line":28,"column":4},"end":{"line":28,"column":14}},"3":{"start":{"line":33,"column":4},"end":{"line":60,"column":9}},"4":{"start":{"line":35,"column":8},"end":{"line":35,"column":19}},"5":{"start":{"line":37,"column":8},"end":{"line":49,"column":13}},"6":{"start":{"line":38,"column":12},"end":{"line":48,"column":13}},"7":{"start":{"line":39,"column":16},"end":{"line":42,"column":30}},"8":{"start":{"line":44,"column":16},"end":{"line":47,"column":27}},"9":{"start":{"line":51,"column":8},"end":{"line":53,"column":21}},"10":{"start":{"line":55,"column":8},"end":{"line":57,"column":45}},"11":{"start":{"line":59,"column":8},"end":{"line":59,"column":35}},"12":{"start":{"line":61,"column":4},"end":{"line":325,"column":5}},"13":{"start":{"line":69,"column":8},"end":{"line":121,"column":10},"skip":true},"14":{"start":{"line":70,"column":12},"end":{"line":88,"column":13},"skip":true},"15":{"start":{"line":76,"column":16},"end":{"line":87,"column":19},"skip":true},"16":{"start":{"line":79,"column":20},"end":{"line":86,"column":21},"skip":true},"17":{"start":{"line":82,"column":24},"end":{"line":82,"column":43},"skip":true},"18":{"start":{"line":83,"column":24},"end":{"line":83,"column":30},"skip":true},"19":{"start":{"line":85,"column":24},"end":{"line":85,"column":49},"skip":true},"20":{"start":{"line":89,"column":12},"end":{"line":107,"column":13},"skip":true},"21":{"start":{"line":92,"column":16},"end":{"line":102,"column":17},"skip":true},"22":{"start":{"line":93,"column":20},"end":{"line":93,"column":86},"skip":true},"23":{"start":{"line":94,"column":20},"end":{"line":95,"column":45},"skip":true},"24":{"start":{"line":96,"column":20},"end":{"line":96,"column":42},"skip":true},"25":{"start":{"line":97,"column":20},"end":{"line":97,"column":48},"skip":true},"26":{"start":{"line":100,"column":20},"end":{"line":100,"column":85},"skip":true},"27":{"start":{"line":101,"column":20},"end":{"line":101,"column":96},"skip":true},"28":{"start":{"line":103,"column":16},"end":{"line":103,"column":22},"skip":true},"29":{"start":{"line":106,"column":16},"end":{"line":106,"column":22},"skip":true},"30":{"start":{"line":108,"column":12},"end":{"line":120,"column":13},"skip":true},"31":{"start":{"line":114,"column":16},"end":{"line":119,"column":17},"skip":true},"32":{"start":{"line":116,"column":20},"end":{"line":116,"column":78},"skip":true},"33":{"start":{"line":118,"column":20},"end":{"line":118,"column":47},"skip":true},"34":{"start":{"line":123,"column":8},"end":{"line":141,"column":11},"skip":true},"35":{"start":{"line":124,"column":12},"end":{"line":124,"column":54},"skip":true},"36":{"start":{"line":125,"column":12},"end":{"line":140,"column":14},"skip":true},"37":{"start":{"line":126,"column":16},"end":{"line":126,"column":28},"skip":true},"38":{"start":{"line":127,"column":16},"end":{"line":127,"column":69},"skip":true},"39":{"start":{"line":128,"column":16},"end":{"line":128,"column":75},"skip":true},"40":{"start":{"line":129,"column":16},"end":{"line":131,"column":17},"skip":true},"41":{"start":{"line":130,"column":20},"end":{"line":130,"column":27},"skip":true},"42":{"start":{"line":133,"column":16},"end":{"line":137,"column":36},"skip":true},"43":{"start":{"line":134,"column":20},"end":{"line":136,"column":55},"skip":true},"44":{"start":{"line":139,"column":16},"end":{"line":139,"column":57},"skip":true},"45":{"start":{"line":143,"column":8},"end":{"line":147,"column":11},"skip":true},"46":{"start":{"line":144,"column":12},"end":{"line":146,"column":15},"skip":true},"47":{"start":{"line":145,"column":16},"end":{"line":145,"column":70},"skip":true},"48":{"start":{"line":149,"column":8},"end":{"line":149,"column":31},"skip":true},"49":{"start":{"line":150,"column":8},"end":{"line":150,"column":14},"skip":true},"50":{"start":{"line":158,"column":8},"end":{"line":158,"column":31},"skip":true},"51":{"start":{"line":160,"column":8},"end":{"line":160,"column":33},"skip":true},"52":{"start":{"line":161,"column":8},"end":{"line":161,"column":37},"skip":true},"53":{"start":{"line":162,"column":8},"end":{"line":162,"column":35},"skip":true},"54":{"start":{"line":164,"column":8},"end":{"line":164,"column":50},"skip":true},"55":{"start":{"line":166,"column":8},"end":{"line":256,"column":2},"skip":true},"56":{"start":{"line":258,"column":8},"end":{"line":286,"column":9},"skip":true},"57":{"start":{"line":259,"column":12},"end":{"line":269,"column":14},"skip":true},"58":{"start":{"line":271,"column":12},"end":{"line":285,"column":19},"skip":true},"59":{"start":{"line":274,"column":20},"end":{"line":274,"column":35},"skip":true},"60":{"start":{"line":275,"column":20},"end":{"line":284,"column":21},"skip":true},"61":{"start":{"line":277,"column":24},"end":{"line":277,"column":64},"skip":true},"62":{"start":{"line":279,"column":24},"end":{"line":279,"column":40},"skip":true},"63":{"start":{"line":281,"column":24},"end":{"line":281,"column":40},"skip":true},"64":{"start":{"line":283,"column":24},"end":{"line":283,"column":39},"skip":true},"65":{"start":{"line":288,"column":8},"end":{"line":290,"column":9},"skip":true},"66":{"start":{"line":289,"column":12},"end":{"line":289,"column":18},"skip":true},"67":{"start":{"line":291,"column":8},"end":{"line":293,"column":54},"skip":true},"68":{"start":{"line":296,"column":8},"end":{"line":301,"column":37},"skip":true},"69":{"start":{"line":303,"column":8},"end":{"line":303,"column":82},"skip":true},"70":{"start":{"line":306,"column":8},"end":{"line":308,"column":9},"skip":true},"71":{"start":{"line":307,"column":12},"end":{"line":307,"column":82},"skip":true},"72":{"start":{"line":310,"column":8},"end":{"line":312,"column":9},"skip":true},"73":{"start":{"line":311,"column":12},"end":{"line":311,"column":18},"skip":true},"74":{"start":{"line":313,"column":8},"end":{"line":313,"column":54},"skip":true},"75":{"start":{"line":314,"column":8},"end":{"line":314,"column":69},"skip":true},"76":{"start":{"line":315,"column":8},"end":{"line":323,"column":36},"skip":true},"77":{"start":{"line":316,"column":12},"end":{"line":316,"column":61},"skip":true},"78":{"start":{"line":317,"column":12},"end":{"line":320,"column":13},"skip":true},"79":{"start":{"line":318,"column":16},"end":{"line":318,"column":75},"skip":true},"80":{"start":{"line":319,"column":16},"end":{"line":319,"column":23},"skip":true},"81":{"start":{"line":321,"column":12},"end":{"line":321,"column":38},"skip":true},"82":{"start":{"line":322,"column":12},"end":{"line":322,"column":27},"skip":true},"83":{"start":{"line":324,"column":8},"end":{"line":324,"column":14},"skip":true}},"branchMap":{"1":{"line":39,"type":"binary-expr","locations":[{"start":{"line":39,"column":23},"end":{"line":39,"column":62}},{"start":{"line":40,"column":20},"end":{"line":40,"column":70}},{"start":{"line":41,"column":20},"end":{"line":41,"column":71}},{"start":{"line":42,"column":20},"end":{"line":42,"column":29}}]},"2":{"line":44,"type":"binary-expr","locations":[{"start":{"line":44,"column":23},"end":{"line":44,"column":37}},{"start":{"line":45,"column":20},"end":{"line":45,"column":61}},{"start":{"line":46,"column":20},"end":{"line":46,"column":70}},{"start":{"line":47,"column":20},"end":{"line":47,"column":26}}]},"3":{"line":51,"type":"cond-expr","locations":[{"start":{"line":52,"column":14},"end":{"line":52,"column":20}},{"start":{"line":53,"column":14},"end":{"line":53,"column":20}}]},"4":{"line":55,"type":"binary-expr","locations":[{"start":{"line":55,"column":16},"end":{"line":55,"column":44}},{"start":{"line":55,"column":49},"end":{"line":57,"column":43}}]},"5":{"line":55,"type":"cond-expr","locations":[{"start":{"line":56,"column":14},"end":{"line":56,"column":53}},{"start":{"line":57,"column":14},"end":{"line":57,"column":43}}]},"6":{"line":61,"type":"switch","locations":[{"start":{"line":68,"column":4},"end":{"line":150,"column":14},"skip":true},{"start":{"line":156,"column":4},"end":{"line":324,"column":14},"skip":true}]},"7":{"line":70,"type":"if","locations":[{"start":{"line":70,"column":12},"end":{"line":70,"column":12},"skip":true},{"start":{"line":70,"column":12},"end":{"line":70,"column":12},"skip":true}]},"8":{"line":70,"type":"binary-expr","locations":[{"start":{"line":70,"column":16},"end":{"line":70,"column":22},"skip":true},{"start":{"line":70,"column":27},"end":{"line":70,"column":32},"skip":true},{"start":{"line":71,"column":20},"end":{"line":71,"column":39},"skip":true},{"start":{"line":72,"column":20},"end":{"line":72,"column":49},"skip":true},{"start":{"line":73,"column":20},"end":{"line":73,"column":58},"skip":true},{"start":{"line":74,"column":20},"end":{"line":74,"column":69},"skip":true}]},"9":{"line":79,"type":"switch","locations":[{"start":{"line":80,"column":20},"end":{"line":80,"column":33},"skip":true},{"start":{"line":81,"column":20},"end":{"line":83,"column":30},"skip":true},{"start":{"line":84,"column":20},"end":{"line":85,"column":49},"skip":true}]},"10":{"line":89,"type":"switch","locations":[{"start":{"line":90,"column":12},"end":{"line":103,"column":22},"skip":true},{"start":{"line":105,"column":12},"end":{"line":106,"column":22},"skip":true}]},"11":{"line":89,"type":"binary-expr","locations":[{"start":{"line":89,"column":20},"end":{"line":89,"column":25},"skip":true},{"start":{"line":89,"column":29},"end":{"line":89,"column":48},"skip":true},{"start":{"line":89,"column":52},"end":{"line":89,"column":74},"skip":true}]},"12":{"line":92,"type":"if","locations":[{"start":{"line":92,"column":16},"end":{"line":92,"column":16},"skip":true},{"start":{"line":92,"column":16},"end":{"line":92,"column":16},"skip":true}]},"13":{"line":108,"type":"if","locations":[{"start":{"line":108,"column":12},"end":{"line":108,"column":12},"skip":true},{"start":{"line":108,"column":12},"end":{"line":108,"column":12},"skip":true}]},"14":{"line":108,"type":"binary-expr","locations":[{"start":{"line":108,"column":16},"end":{"line":108,"column":61},"skip":true},{"start":{"line":108,"column":66},"end":{"line":108,"column":72},"skip":true},{"start":{"line":108,"column":77},"end":{"line":108,"column":82},"skip":true},{"start":{"line":109,"column":20},"end":{"line":109,"column":39},"skip":true},{"start":{"line":110,"column":20},"end":{"line":110,"column":49},"skip":true},{"start":{"line":111,"column":20},"end":{"line":111,"column":58},"skip":true},{"start":{"line":112,"column":20},"end":{"line":112,"column":68},"skip":true}]},"15":{"line":129,"type":"if","locations":[{"start":{"line":129,"column":16},"end":{"line":129,"column":16},"skip":true},{"start":{"line":129,"column":16},"end":{"line":129,"column":16},"skip":true}]},"16":{"line":134,"type":"cond-expr","locations":[{"start":{"line":135,"column":26},"end":{"line":135,"column":29},"skip":true},{"start":{"line":136,"column":26},"end":{"line":136,"column":54},"skip":true}]},"17":{"line":164,"type":"binary-expr","locations":[{"start":{"line":164,"column":27},"end":{"line":164,"column":43},"skip":true},{"start":{"line":164,"column":47},"end":{"line":164,"column":49},"skip":true}]},"18":{"line":258,"type":"if","locations":[{"start":{"line":258,"column":8},"end":{"line":258,"column":8},"skip":true},{"start":{"line":258,"column":8},"end":{"line":258,"column":8},"skip":true}]},"19":{"line":275,"type":"switch","locations":[{"start":{"line":276,"column":20},"end":{"line":277,"column":64},"skip":true},{"start":{"line":278,"column":20},"end":{"line":279,"column":40},"skip":true},{"start":{"line":280,"column":20},"end":{"line":281,"column":40},"skip":true},{"start":{"line":282,"column":20},"end":{"line":283,"column":39},"skip":true}]},"20":{"line":288,"type":"if","locations":[{"start":{"line":288,"column":8},"end":{"line":288,"column":8},"skip":true},{"start":{"line":288,"column":8},"end":{"line":288,"column":8},"skip":true}]},"21":{"line":288,"type":"binary-expr","locations":[{"start":{"line":288,"column":12},"end":{"line":288,"column":40},"skip":true},{"start":{"line":288,"column":44},"end":{"line":288,"column":67},"skip":true}]},"22":{"line":292,"type":"binary-expr","locations":[{"start":{"line":292,"column":12},"end":{"line":292,"column":50},"skip":true},{"start":{"line":293,"column":12},"end":{"line":293,"column":53},"skip":true}]},"23":{"line":297,"type":"binary-expr","locations":[{"start":{"line":297,"column":12},"end":{"line":297,"column":67},"skip":true},{"start":{"line":298,"column":12},"end":{"line":301,"column":36},"skip":true}]},"24":{"line":303,"type":"binary-expr","locations":[{"start":{"line":303,"column":43},"end":{"line":303,"column":75},"skip":true},{"start":{"line":303,"column":79},"end":{"line":303,"column":81},"skip":true}]},"25":{"line":306,"type":"if","locations":[{"start":{"line":306,"column":8},"end":{"line":306,"column":8},"skip":true},{"start":{"line":306,"column":8},"end":{"line":306,"column":8},"skip":true}]},"26":{"line":310,"type":"if","locations":[{"start":{"line":310,"column":8},"end":{"line":310,"column":8},"skip":true},{"start":{"line":310,"column":8},"end":{"line":310,"column":8},"skip":true}]},"27":{"line":313,"type":"binary-expr","locations":[{"start":{"line":313,"column":27},"end":{"line":313,"column":43},"skip":true},{"start":{"line":313,"column":47},"end":{"line":313,"column":53},"skip":true}]},"28":{"line":317,"type":"if","locations":[{"start":{"line":317,"column":12},"end":{"line":317,"column":12},"skip":true},{"start":{"line":317,"column":12},"end":{"line":317,"column":12},"skip":true}]}},"code":["/*","example.js","","quickstart example","","instruction","    1. save this script as example.js","    2. run the shell command:","        $ npm install npmtest-interfais && PORT=8081 node example.js","    3. play with the browser-demo on http://127.0.0.1:8081","*/","","","","/* istanbul instrument in package npmtest_interfais */","/*jslint","    bitwise: true,","    browser: true,","    maxerr: 8,","    maxlen: 96,","    node: true,","    nomen: true,","    regexp: true,","    stupid: true","*/","(function () {","    'use strict';","    var local;","","","","    // run shared js-env code - pre-init","    (function () {","        // init local","        local = {};","        // init modeJs","        local.modeJs = (function () {","            try {","                return typeof navigator.userAgent === 'string' &&","                    typeof document.querySelector('body') === 'object' &&","                    typeof XMLHttpRequest.prototype.open === 'function' &&","                    'browser';","            } catch (errorCaughtBrowser) {","                return module.exports &&","                    typeof process.versions.node === 'string' &&","                    typeof require('http').createServer === 'function' &&","                    'node';","            }","        }());","        // init global","        local.global = local.modeJs === 'browser'","            ? window","            : global;","        // init utility2_rollup","        local = local.global.utility2_rollup || (local.modeJs === 'browser'","            ? local.global.utility2_npmtest_interfais","            : global.utility2_moduleExports);","        // export local","        local.global.local = local;","    }());","    switch (local.modeJs) {","","","","    // post-init","    // run browser js-env code - post-init","    /* istanbul ignore next */","    case 'browser':","        local.testRunBrowser = function (event) {","            if (!event || (event &&","                    event.currentTarget &&","                    event.currentTarget.className &&","                    event.currentTarget.className.includes &&","                    event.currentTarget.className.includes('onreset'))) {","                // reset output","                Array.from(","                    document.querySelectorAll('body > .resettable')","                ).forEach(function (element) {","                    switch (element.tagName) {","                    case 'INPUT':","                    case 'TEXTAREA':","                        element.value = '';","                        break;","                    default:","                        element.textContent = '';","                    }","                });","            }","            switch (event && event.currentTarget && event.currentTarget.id) {","            case 'testRunButton1':","                // show tests","                if (document.querySelector('#testReportDiv1').style.display === 'none') {","                    document.querySelector('#testReportDiv1').style.display = 'block';","                    document.querySelector('#testRunButton1').textContent =","                        'hide internal test';","                    local.modeTest = true;","                    local.testRunDefault(local);","                // hide tests","                } else {","                    document.querySelector('#testReportDiv1').style.display = 'none';","                    document.querySelector('#testRunButton1').textContent = 'run internal test';","                }","                break;","            // custom-case","            default:","                break;","            }","            if (document.querySelector('#inputTextareaEval1') && (!event || (event &&","                    event.currentTarget &&","                    event.currentTarget.className &&","                    event.currentTarget.className.includes &&","                    event.currentTarget.className.includes('oneval')))) {","                // try to eval input-code","                try {","                    /*jslint evil: true*/","                    eval(document.querySelector('#inputTextareaEval1').value);","                } catch (errorCaught) {","                    console.error(errorCaught);","                }","            }","        };","        // log stderr and stdout to #outputTextareaStdout1","        ['error', 'log'].forEach(function (key) {","            console[key + '_original'] = console[key];","            console[key] = function () {","                var element;","                console[key + '_original'].apply(console, arguments);","                element = document.querySelector('#outputTextareaStdout1');","                if (!element) {","                    return;","                }","                // append text to #outputTextareaStdout1","                element.value += Array.from(arguments).map(function (arg) {","                    return typeof arg === 'string'","                        ? arg","                        : JSON.stringify(arg, null, 4);","                }).join(' ') + '\\n';","                // scroll textarea to bottom","                element.scrollTop = element.scrollHeight;","            };","        });","        // init event-handling","        ['change', 'click', 'keyup'].forEach(function (event) {","            Array.from(document.querySelectorAll('.on' + event)).forEach(function (element) {","                element.addEventListener(event, local.testRunBrowser);","            });","        });","        // run tests","        local.testRunBrowser();","        break;","","","","    // run node js-env code - post-init","    /* istanbul ignore next */","    case 'node':","        // export local","        module.exports = local;","        // require modules","        local.fs = require('fs');","        local.http = require('http');","        local.url = require('url');","        // init assets","        local.assetsDict = local.assetsDict || {};","        /* jslint-ignore-begin */","        local.assetsDict['/assets.index.template.html'] = '\\","<!doctype html>\\n\\","<html lang=\"en\">\\n\\","<head>\\n\\","<meta charset=\"UTF-8\">\\n\\","<meta name=\"viewport\" content=\"width=device-width, initial-scale=1\">\\n\\","<title>{{env.npm_package_name}} (v{{env.npm_package_version}})</title>\\n\\","<style>\\n\\","/*csslint\\n\\","    box-sizing: false,\\n\\","    universal-selector: false\\n\\","*/\\n\\","* {\\n\\","    box-sizing: border-box;\\n\\","}\\n\\","body {\\n\\","    background: #dde;\\n\\","    font-family: Arial, Helvetica, sans-serif;\\n\\","    margin: 2rem;\\n\\","}\\n\\","body > * {\\n\\","    margin-bottom: 1rem;\\n\\","}\\n\\",".utility2FooterDiv {\\n\\","    margin-top: 20px;\\n\\","    text-align: center;\\n\\","}\\n\\","</style>\\n\\","<style>\\n\\","/*csslint\\n\\","*/\\n\\","textarea {\\n\\","    font-family: monospace;\\n\\","    height: 10rem;\\n\\","    width: 100%;\\n\\","}\\n\\","textarea[readonly] {\\n\\","    background: #ddd;\\n\\","}\\n\\","</style>\\n\\","</head>\\n\\","<body>\\n\\","<!-- utility2-comment\\n\\","<div id=\"ajaxProgressDiv1\" style=\"background: #d00; height: 2px; left: 0; margin: 0; padding: 0; position: fixed; top: 0; transition: background 0.5s, width 1.5s; width: 25%;\"></div>\\n\\","utility2-comment -->\\n\\","<h1>\\n\\","<!-- utility2-comment\\n\\","    <a\\n\\","        {{#if env.npm_package_homepage}}\\n\\","        href=\"{{env.npm_package_homepage}}\"\\n\\","        {{/if env.npm_package_homepage}}\\n\\","        target=\"_blank\"\\n\\","    >\\n\\","utility2-comment -->\\n\\","        {{env.npm_package_name}} (v{{env.npm_package_version}})\\n\\","<!-- utility2-comment\\n\\","    </a>\\n\\","utility2-comment -->\\n\\","</h1>\\n\\","<h3>{{env.npm_package_description}}</h3>\\n\\","<!-- utility2-comment\\n\\","<h4><a download href=\"assets.app.js\">download standalone app</a></h4>\\n\\","<button class=\"onclick onreset\" id=\"testRunButton1\">run internal test</button><br>\\n\\","<div id=\"testReportDiv1\" style=\"display: none;\"></div>\\n\\","utility2-comment -->\\n\\","\\n\\","\\n\\","\\n\\","<label>stderr and stdout</label>\\n\\","<textarea class=\"resettable\" id=\"outputTextareaStdout1\" readonly></textarea>\\n\\","<!-- utility2-comment\\n\\","{{#if isRollup}}\\n\\","<script src=\"assets.app.js\"></script>\\n\\","{{#unless isRollup}}\\n\\","utility2-comment -->\\n\\","<script src=\"assets.utility2.rollup.js\"></script>\\n\\","<script src=\"jsonp.utility2._stateInit?callback=window.utility2._stateInit\"></script>\\n\\","<script src=\"assets.npmtest_interfais.rollup.js\"></script>\\n\\","<script src=\"assets.example.js\"></script>\\n\\","<script src=\"assets.test.js\"></script>\\n\\","<!-- utility2-comment\\n\\","{{/if isRollup}}\\n\\","utility2-comment -->\\n\\","<div class=\"utility2FooterDiv\">\\n\\","    [ this app was created with\\n\\","    <a href=\"https://github.com/kaizhu256/node-utility2\" target=\"_blank\">utility2</a>\\n\\","    ]\\n\\","</div>\\n\\","</body>\\n\\","</html>\\n\\","';","        /* jslint-ignore-end */","        if (local.templateRender) {","            local.assetsDict['/'] = local.templateRender(","                local.assetsDict['/assets.index.template.html'],","                {","                    env: local.objectSetDefault(local.env, {","                        npm_package_description: 'the greatest app in the world!',","                        npm_package_name: 'my-app',","                        npm_package_nameAlias: 'my_app',","                        npm_package_version: '0.0.1'","                    })","                }","            );","        } else {","            local.assetsDict['/'] = local.assetsDict['/assets.index.template.html']","                .replace((/\\{\\{env\\.(\\w+?)\\}\\}/g), function (match0, match1) {","                    // jslint-hack","                    String(match0);","                    switch (match1) {","                    case 'npm_package_description':","                        return 'the greatest app in the world!';","                    case 'npm_package_name':","                        return 'my-app';","                    case 'npm_package_nameAlias':","                        return 'my_app';","                    case 'npm_package_version':","                        return '0.0.1';","                    }","                });","        }","        // run the cli","        if (local.global.utility2_rollup || module !== require.main) {","            break;","        }","        local.assetsDict['/assets.example.js'] =","            local.assetsDict['/assets.example.js'] ||","            local.fs.readFileSync(__filename, 'utf8');","        // bug-workaround - long $npm_package_buildCustomOrg","        /* jslint-ignore-begin */","        local.assetsDict['/assets.npmtest_interfais.rollup.js'] =","            local.assetsDict['/assets.npmtest_interfais.rollup.js'] ||","            local.fs.readFileSync(","                local.npmtest_interfais.__dirname + '/lib.npmtest_interfais.js',","                'utf8'","            ).replace((/^#!/), '//');","        /* jslint-ignore-end */","        local.assetsDict['/favicon.ico'] = local.assetsDict['/favicon.ico'] || '';","        // if $npm_config_timeout_exit exists,","        // then exit this process after $npm_config_timeout_exit ms","        if (Number(process.env.npm_config_timeout_exit)) {","            setTimeout(process.exit, Number(process.env.npm_config_timeout_exit));","        }","        // start server","        if (local.global.utility2_serverHttp1) {","            break;","        }","        process.env.PORT = process.env.PORT || '8081';","        console.error('server starting on port ' + process.env.PORT);","        local.http.createServer(function (request, response) {","            request.urlParsed = local.url.parse(request.url);","            if (local.assetsDict[request.urlParsed.pathname] !== undefined) {","                response.end(local.assetsDict[request.urlParsed.pathname]);","                return;","            }","            response.statusCode = 404;","            response.end();","        }).listen(process.env.PORT);","        break;","    }","}());",""],"l":{"26":2,"28":2,"33":2,"35":2,"37":2,"38":2,"39":2,"44":1,"51":2,"55":2,"59":2,"61":2,"69":1,"70":2,"76":2,"79":2,"82":2,"83":2,"85":1,"89":2,"92":1,"93":1,"94":1,"96":1,"97":1,"100":1,"101":1,"103":1,"106":1,"108":2,"114":1,"116":1,"118":1,"123":1,"124":2,"125":2,"126":3,"127":3,"128":3,"129":3,"130":1,"133":3,"134":3,"139":3,"143":1,"144":3,"145":1,"149":1,"150":1,"158":1,"160":1,"161":1,"162":1,"164":1,"166":1,"258":1,"259":1,"271":1,"274":6,"275":6,"277":1,"279":2,"281":1,"283":2,"288":1,"289":1,"291":1,"296":1,"303":1,"306":1,"307":1,"310":1,"311":1,"313":1,"314":1,"315":1,"316":1,"317":1,"318":1,"319":1,"321":1,"322":1,"324":1}},"/home/travis/build/npmtest/node-npmtest-interfais/node_modules/interfais/main.js":{"path":"/home/travis/build/npmtest/node-npmtest-interfais/node_modules/interfais/main.js","s":{"1":1},"b":{},"f":{},"fnMap":{},"statementMap":{"1":{"start":{"line":1,"column":0},"end":{"line":1,"column":52}}},"branchMap":{},"code":["module.exports = require('./lib/classes/Interfais');"],"l":{"1":1}},"/home/travis/build/npmtest/node-npmtest-interfais/node_modules/interfais/lib/classes/Interfais.js":{"path":"/home/travis/build/npmtest/node-npmtest-interfais/node_modules/interfais/lib/classes/Interfais.js","s":{"1":1,"2":1,"3":0,"4":0,"5":0,"6":0,"7":0,"8":0,"9":0,"10":1,"11":0,"12":0,"13":0,"14":0,"15":0,"16":0,"17":0,"18":0,"19":0,"20":0,"21":0,"22":0,"23":0,"24":0,"25":0,"26":0,"27":0,"28":0,"29":1},"b":{},"f":{"1":0,"2":0,"3":0,"4":0,"5":0,"6":0},"fnMap":{"1":{"name":"Interfais","line":14,"loc":{"start":{"line":14,"column":0},"end":{"line":14,"column":28}}},"2":{"name":"init","line":55,"loc":{"start":{"line":55,"column":0},"end":{"line":55,"column":16}}},"3":{"name":"(anonymous_3)","line":60,"loc":{"start":{"line":60,"column":34},"end":{"line":60,"column":46}}},"4":{"name":"(anonymous_4)","line":66,"loc":{"start":{"line":66,"column":29},"end":{"line":66,"column":41}}},"5":{"name":"(anonymous_5)","line":97,"loc":{"start":{"line":97,"column":31},"end":{"line":97,"column":46}}},"6":{"name":"(anonymous_6)","line":103,"loc":{"start":{"line":103,"column":33},"end":{"line":103,"column":45}}}},"statementMap":{"1":{"start":{"line":1,"column":0},"end":{"line":7,"column":55}},"2":{"start":{"line":14,"column":0},"end":{"line":53,"column":1}},"3":{"start":{"line":19,"column":1},"end":{"line":19,"column":22}},"4":{"start":{"line":25,"column":1},"end":{"line":25,"column":44}},"5":{"start":{"line":31,"column":1},"end":{"line":31,"column":44}},"6":{"start":{"line":37,"column":1},"end":{"line":37,"column":44}},"7":{"start":{"line":44,"column":1},"end":{"line":44,"column":41}},"8":{"start":{"line":50,"column":1},"end":{"line":50,"column":43}},"9":{"start":{"line":52,"column":1},"end":{"line":52,"column":18}},"10":{"start":{"line":55,"column":0},"end":{"line":109,"column":1}},"11":{"start":{"line":56,"column":1},"end":{"line":56,"column":18}},"12":{"start":{"line":57,"column":1},"end":{"line":57,"column":37}},"13":{"start":{"line":60,"column":1},"end":{"line":62,"column":4}},"14":{"start":{"line":61,"column":2},"end":{"line":61,"column":30}},"15":{"start":{"line":66,"column":1},"end":{"line":69,"column":4}},"16":{"start":{"line":67,"column":2},"end":{"line":67,"column":27}},"17":{"start":{"line":68,"column":2},"end":{"line":68,"column":24}},"18":{"start":{"line":71,"column":1},"end":{"line":71,"column":26}},"19":{"start":{"line":73,"column":1},"end":{"line":73,"column":27}},"20":{"start":{"line":88,"column":1},"end":{"line":91,"column":4}},"21":{"start":{"line":93,"column":1},"end":{"line":93,"column":27}},"22":{"start":{"line":95,"column":1},"end":{"line":95,"column":23}},"23":{"start":{"line":97,"column":1},"end":{"line":100,"column":4}},"24":{"start":{"line":98,"column":2},"end":{"line":98,"column":44}},"25":{"start":{"line":99,"column":2},"end":{"line":99,"column":17}},"26":{"start":{"line":103,"column":1},"end":{"line":106,"column":4}},"27":{"start":{"line":104,"column":2},"end":{"line":104,"column":27}},"28":{"start":{"line":105,"column":2},"end":{"line":105,"column":24}},"29":{"start":{"line":111,"column":0},"end":{"line":111,"column":27}}},"branchMap":{},"code":["var layoutFactory = require('./../factories/layoutFactory'),","\tUiFactory     = require('./../factories/UiFactory'),","\tViewFactory   = require('./../factories/ViewFactory'),","","\tInputManager  = require('./../managers/InputManager'),","\tFocusManager  = require('./../managers/FocusManager'),","\tRouteManager  = require('./../managers/RouteManager');","","/**"," * @namespace Interfais"," * @param config"," * @constructor"," */","function Interfais (config) {","\t/**","\t * @name Interfais#config","\t * @type {Object}","\t */","\tthis.config = config;","","\t/**","\t * @name Interfais#inputManager","\t * @type {InputManager}","\t */","\tthis.inputManager = new InputManager(this);","","\t/**","\t * @name Interfais#focusManager","\t * @type {FocusManager}","\t */","\tthis.focusManager = new FocusManager(this);","","\t/**","\t * @name Interfais#routeManager","\t * @type {RouteManager}","\t */","\tthis.routeManager = new RouteManager(this);","","\t/**","\t * @name Interfais#uiFactory","\t * @memberof Interfais","\t * @type {UiFactory}","\t */","\tthis.uiFactory    = new UiFactory(this);","","\t/**","\t * @name Interfais#viewFactory","\t * @type {ViewFactory}","\t */","\tthis.viewFactory  = new ViewFactory(this);","","\tinit.apply(this);","}","","function init() {","\tvar $this = this;","\t$this.layout = layoutFactory($this);","","\t// When another route is opened","\t$this.routeManager.onRouteChange(function () {","\t\t$this.focusManager.select(); // Shouldnt be neccessary, but avoids the \"no focus before first refocus\" bug","\t});","","","\t// When terminal is resized","\tprocess.stdout.on('resize', function () {","\t\t$this.layout.prerender();","\t\t$this.layout.render();","\t});","","\t$this.layout.prerender();","","\t$this.inputManager.init();","","\t// @TODO: The following system crash occurs when keyNext == 'menuNext', but not when keyPrevious = 'menuPrevious'","\t// TypeError: Cannot read property 'emitter' of null","\t//     at EventEmitter.forkedEmitter.emitter.destroy (/home/wybe/git/interfais/lib/managers/InputManager.js:79:17)","\t//     at FocusableObject.command.blur (/home/wybe/git/interfais/lib/factories/aspects/uiInput.js:58:13)","\t//     at FocusManager.select (/home/wybe/git/interfais/lib/managers/FocusManager.js:104:31)","\t//     at FocusManager.shift (/home/wybe/git/interfais/lib/managers/FocusManager.js:93:8)","\t//     at EventEmitter.<anonymous> (/home/wybe/git/interfais/lib/managers/FocusManager.js:51:11)","\t//     at EventEmitter.emit (events.js:117:20)","\t//     at ReadStream.emitKeyboardEvent (/home/wybe/git/interfais/lib/managers/InputManager.js:171:21)","\t//     at ReadStream.emit (events.js:98:17)","\t//     at emitKey (/home/wybe/git/interfais/node_modules/keypress/index.js:566:10)","\t//     at ReadStream.onData (/home/wybe/git/interfais/node_modules/keypress/index.js:47:11)","","\t$this.focusManager.init({","\t\tkeyPrevious:  'focusPrevious',","\t\tkeyNext: 'focusNext'","\t});","","\t$this.routeManager.init();","","\t$this.layout.render();","","\t$this.inputManager.on('exit', function (key) {","\t\tconsole.log('Exiting after ' + key.combo);","\t\tprocess.exit();","\t});","","","\t$this.inputManager.on('render', function () {","\t\t$this.layout.prerender();","\t\t$this.layout.render();","\t});","","","}","","module.exports = Interfais;"],"l":{"1":1,"14":1,"19":0,"25":0,"31":0,"37":0,"44":0,"50":0,"52":0,"55":1,"56":0,"57":0,"60":0,"61":0,"66":0,"67":0,"68":0,"71":0,"73":0,"88":0,"93":0,"95":0,"97":0,"98":0,"99":0,"103":0,"104":0,"105":0,"111":1}},"/home/travis/build/npmtest/node-npmtest-interfais/node_modules/interfais/lib/factories/layoutFactory.js":{"path":"/home/travis/build/npmtest/node-npmtest-interfais/node_modules/interfais/lib/factories/layoutFactory.js","s":{"1":1,"2":1,"3":0,"4":1,"5":0,"6":0,"7":0,"8":0,"9":0,"10":0,"11":0,"12":0,"13":0,"14":0,"15":0,"16":0,"17":1,"18":0,"19":0,"20":0,"21":0,"22":0,"23":0,"24":0,"25":0,"26":0,"27":1,"28":0,"29":0,"30":0,"31":0,"32":0,"33":0,"34":0,"35":0,"36":0,"37":0,"38":0,"39":0,"40":0,"41":1},"b":{"1":[0,0],"2":[0,0],"3":[0,0],"4":[0,0],"5":[0,0],"6":[0,0],"7":[0,0],"8":[0,0],"9":[0,0]},"f":{"1":0,"2":0,"3":0,"4":0,"5":0,"6":0},"fnMap":{"1":{"name":"LayoutFactory","line":6,"loc":{"start":{"line":6,"column":0},"end":{"line":6,"column":28}}},"2":{"name":"interpretLayoutConfig","line":12,"loc":{"start":{"line":12,"column":1},"end":{"line":12,"column":41}}},"3":{"name":"(anonymous_3)","line":29,"loc":{"start":{"line":29,"column":15},"end":{"line":29,"column":30}}},"4":{"name":"interpretRowConfig","line":36,"loc":{"start":{"line":36,"column":1},"end":{"line":36,"column":38}}},"5":{"name":"(anonymous_5)","line":48,"loc":{"start":{"line":48,"column":16},"end":{"line":48,"column":32}}},"6":{"name":"interpretCellConfig","line":55,"loc":{"start":{"line":55,"column":1},"end":{"line":55,"column":42}}}},"statementMap":{"1":{"start":{"line":1,"column":0},"end":{"line":3,"column":37}},"2":{"start":{"line":6,"column":0},"end":{"line":82,"column":1}},"3":{"start":{"line":8,"column":1},"end":{"line":10,"column":27}},"4":{"start":{"line":12,"column":1},"end":{"line":34,"column":2}},"5":{"start":{"line":13,"column":2},"end":{"line":14,"column":46}},"6":{"start":{"line":14,"column":3},"end":{"line":14,"column":46}},"7":{"start":{"line":16,"column":2},"end":{"line":16,"column":19}},"8":{"start":{"line":18,"column":2},"end":{"line":25,"column":3}},"9":{"start":{"line":19,"column":3},"end":{"line":19,"column":42}},"10":{"start":{"line":20,"column":3},"end":{"line":20,"column":16}},"11":{"start":{"line":23,"column":3},"end":{"line":23,"column":55}},"12":{"start":{"line":24,"column":3},"end":{"line":24,"column":23}},"13":{"start":{"line":27,"column":2},"end":{"line":27,"column":31}},"14":{"start":{"line":29,"column":2},"end":{"line":31,"column":5}},"15":{"start":{"line":30,"column":3},"end":{"line":30,"column":24}},"16":{"start":{"line":33,"column":2},"end":{"line":33,"column":16}},"17":{"start":{"line":36,"column":1},"end":{"line":53,"column":2}},"18":{"start":{"line":37,"column":2},"end":{"line":37,"column":17}},"19":{"start":{"line":39,"column":2},"end":{"line":44,"column":3}},"20":{"start":{"line":40,"column":3},"end":{"line":40,"column":44}},"21":{"start":{"line":41,"column":3},"end":{"line":41,"column":16}},"22":{"start":{"line":43,"column":3},"end":{"line":43,"column":58}},"23":{"start":{"line":46,"column":2},"end":{"line":46,"column":25}},"24":{"start":{"line":48,"column":2},"end":{"line":50,"column":5}},"25":{"start":{"line":49,"column":3},"end":{"line":49,"column":22}},"26":{"start":{"line":52,"column":2},"end":{"line":52,"column":13}},"27":{"start":{"line":55,"column":1},"end":{"line":79,"column":2}},"28":{"start":{"line":56,"column":2},"end":{"line":56,"column":11}},"29":{"start":{"line":58,"column":2},"end":{"line":76,"column":3}},"30":{"start":{"line":59,"column":3},"end":{"line":59,"column":21}},"31":{"start":{"line":60,"column":3},"end":{"line":60,"column":45}},"32":{"start":{"line":63,"column":3},"end":{"line":63,"column":31}},"33":{"start":{"line":65,"column":3},"end":{"line":67,"column":4}},"34":{"start":{"line":66,"column":4},"end":{"line":66,"column":46}},"35":{"start":{"line":69,"column":3},"end":{"line":71,"column":4}},"36":{"start":{"line":70,"column":4},"end":{"line":70,"column":51}},"37":{"start":{"line":73,"column":3},"end":{"line":75,"column":4}},"38":{"start":{"line":74,"column":4},"end":{"line":74,"column":20}},"39":{"start":{"line":78,"column":2},"end":{"line":78,"column":14}},"40":{"start":{"line":81,"column":1},"end":{"line":81,"column":38}},"41":{"start":{"line":84,"column":0},"end":{"line":84,"column":31}}},"branchMap":{"1":{"line":13,"type":"if","locations":[{"start":{"line":13,"column":2},"end":{"line":13,"column":2}},{"start":{"line":13,"column":2},"end":{"line":13,"column":2}}]},"2":{"line":18,"type":"if","locations":[{"start":{"line":18,"column":2},"end":{"line":18,"column":2}},{"start":{"line":18,"column":2},"end":{"line":18,"column":2}}]},"3":{"line":23,"type":"binary-expr","locations":[{"start":{"line":23,"column":11},"end":{"line":23,"column":23}},{"start":{"line":23,"column":27},"end":{"line":23,"column":29}}]},"4":{"line":39,"type":"if","locations":[{"start":{"line":39,"column":2},"end":{"line":39,"column":2}},{"start":{"line":39,"column":2},"end":{"line":39,"column":2}}]},"5":{"line":43,"type":"binary-expr","locations":[{"start":{"line":43,"column":12},"end":{"line":43,"column":25}},{"start":{"line":43,"column":29},"end":{"line":43,"column":31}}]},"6":{"line":58,"type":"if","locations":[{"start":{"line":58,"column":2},"end":{"line":58,"column":2}},{"start":{"line":58,"column":2},"end":{"line":58,"column":2}}]},"7":{"line":65,"type":"if","locations":[{"start":{"line":65,"column":3},"end":{"line":65,"column":3}},{"start":{"line":65,"column":3},"end":{"line":65,"column":3}}]},"8":{"line":69,"type":"if","locations":[{"start":{"line":69,"column":3},"end":{"line":69,"column":3}},{"start":{"line":69,"column":3},"end":{"line":69,"column":3}}]},"9":{"line":73,"type":"if","locations":[{"start":{"line":73,"column":3},"end":{"line":73,"column":3}},{"start":{"line":73,"column":3},"end":{"line":73,"column":3}}]}},"code":["var Layout = require('./../classes/Layout'),","\tRow = require('./../classes/Row'),","\tCell = require('./../classes/Cell');","","","function LayoutFactory(app) {","","\tvar config = app.config.layout,","\t\tfocus = app.focusManager,","\t\troute = app.routeManager;","","\tfunction interpretLayoutConfig(options) {","\t\tif (!options)","\t\t\tthrow new Error('No layout configuration');","","\t\tvar rows, layout;","","\t\tif (typeof options.map === 'function') {","\t\t\trows = options.map(interpretRowConfig);","\t\t\toptions = {};","","\t\t} else {","\t\t\trows = (options.rows || []).map(interpretRowConfig);","\t\t\toptions.rows = null;","\t\t}","","\t\tlayout = new Layout(options);","","\t\trows.forEach(function (row) {","\t\t\tlayout.addChild(row);","\t\t});","","\t\treturn layout;","\t}","","\tfunction interpretRowConfig(options) {","\t\tvar cells, row;","","\t\tif (typeof options.map === 'function') {","\t\t\tcells = options.map(interpretCellConfig);","\t\t\toptions = {};","\t\t} else {","\t\t\tcells = (options.cells || []).map(interpretCellConfig);","\t\t}","","\t\trow = new Row(options);","","\t\tcells.forEach(function (cell) {","\t\t\trow.addChild(cell);","\t\t});","","\t\treturn row;","\t}","","\tfunction interpretCellConfig(cellConfig) {","\t\tvar cell;","","\t\tif (typeof cellConfig === 'function'){","\t\t\tcell = new Cell();","\t\t\tcell.setView(app.viewFactory(cellConfig));","","\t\t} else {","\t\t\tcell = new Cell(cellConfig);","","\t\t\tif (cellConfig.name) {","\t\t\t\troute.registerCell(cellConfig.name, cell);","\t\t\t}","","\t\t\tif (cellConfig.view) {","\t\t\t\tcell.setView(app.viewFactory(cellConfig.view));","\t\t\t}","","\t\t\tif (cell.canFocus) {","\t\t\t\tfocus.add(cell);","\t\t\t}","\t\t}","","\t\treturn cell;","\t}","","\treturn interpretLayoutConfig(config);","}","","module.exports = LayoutFactory;",""],"l":{"1":1,"6":1,"8":0,"12":1,"13":0,"14":0,"16":0,"18":0,"19":0,"20":0,"23":0,"24":0,"27":0,"29":0,"30":0,"33":0,"36":1,"37":0,"39":0,"40":0,"41":0,"43":0,"46":0,"48":0,"49":0,"52":0,"55":1,"56":0,"58":0,"59":0,"60":0,"63":0,"65":0,"66":0,"69":0,"70":0,"73":0,"74":0,"78":0,"81":0,"84":1}},"/home/travis/build/npmtest/node-npmtest-interfais/node_modules/interfais/lib/classes/Layout.js":{"path":"/home/travis/build/npmtest/node-npmtest-interfais/node_modules/interfais/lib/classes/Layout.js","s":{"1":1,"2":1,"3":0,"4":0,"5":1,"6":1,"7":0,"8":0,"9":0,"10":0,"11":0,"12":0,"13":1,"14":0,"15":0,"16":0,"17":1,"18":0,"19":0,"20":0,"21":0,"22":0,"23":0,"24":1},"b":{"1":[0,0],"2":[0,0],"3":[0,0],"4":[0,0],"5":[0,0]},"f":{"1":0,"2":0,"3":0,"4":0,"5":0,"6":0},"fnMap":{"1":{"name":"Layout","line":10,"loc":{"start":{"line":10,"column":0},"end":{"line":10,"column":26}}},"2":{"name":"(anonymous_2)","line":18,"loc":{"start":{"line":18,"column":29},"end":{"line":18,"column":41}}},"3":{"name":"(anonymous_3)","line":26,"loc":{"start":{"line":26,"column":28},"end":{"line":26,"column":56}}},"4":{"name":"(anonymous_4)","line":36,"loc":{"start":{"line":36,"column":26},"end":{"line":36,"column":38}}},"5":{"name":"(anonymous_5)","line":37,"loc":{"start":{"line":37,"column":28},"end":{"line":37,"column":44}}},"6":{"name":"(anonymous_6)","line":44,"loc":{"start":{"line":44,"column":34},"end":{"line":44,"column":46}}}},"statementMap":{"1":{"start":{"line":1,"column":0},"end":{"line":1,"column":51}},"2":{"start":{"line":10,"column":0},"end":{"line":14,"column":1}},"3":{"start":{"line":11,"column":1},"end":{"line":11,"column":40}},"4":{"start":{"line":13,"column":1},"end":{"line":13,"column":13}},"5":{"start":{"line":16,"column":0},"end":{"line":16,"column":39}},"6":{"start":{"line":18,"column":0},"end":{"line":34,"column":2}},"7":{"start":{"line":19,"column":1},"end":{"line":19,"column":41}},"8":{"start":{"line":21,"column":1},"end":{"line":21,"column":19}},"9":{"start":{"line":22,"column":1},"end":{"line":22,"column":19}},"10":{"start":{"line":24,"column":1},"end":{"line":24,"column":32}},"11":{"start":{"line":26,"column":1},"end":{"line":33,"column":4}},"12":{"start":{"line":27,"column":2},"end":{"line":32,"column":4}},"13":{"start":{"line":36,"column":0},"end":{"line":42,"column":2}},"14":{"start":{"line":37,"column":1},"end":{"line":39,"column":4}},"15":{"start":{"line":38,"column":2},"end":{"line":38,"column":16}},"16":{"start":{"line":41,"column":1},"end":{"line":41,"column":13}},"17":{"start":{"line":44,"column":0},"end":{"line":60,"column":2}},"18":{"start":{"line":45,"column":1},"end":{"line":48,"column":3}},"19":{"start":{"line":54,"column":1},"end":{"line":55,"column":18}},"20":{"start":{"line":55,"column":2},"end":{"line":55,"column":18}},"21":{"start":{"line":56,"column":1},"end":{"line":57,"column":19}},"22":{"start":{"line":57,"column":2},"end":{"line":57,"column":19}},"23":{"start":{"line":59,"column":1},"end":{"line":59,"column":13}},"24":{"start":{"line":62,"column":0},"end":{"line":62,"column":24}}},"branchMap":{"1":{"line":29,"type":"cond-expr","locations":[{"start":{"line":30,"column":6},"end":{"line":30,"column":33}},{"start":{"line":31,"column":6},"end":{"line":31,"column":44}}]},"2":{"line":46,"type":"binary-expr","locations":[{"start":{"line":46,"column":10},"end":{"line":46,"column":20}},{"start":{"line":46,"column":25},"end":{"line":46,"column":47}}]},"3":{"line":47,"type":"binary-expr","locations":[{"start":{"line":47,"column":10},"end":{"line":47,"column":21}},{"start":{"line":47,"column":25},"end":{"line":47,"column":44}}]},"4":{"line":54,"type":"if","locations":[{"start":{"line":54,"column":1},"end":{"line":54,"column":1}},{"start":{"line":54,"column":1},"end":{"line":54,"column":1}}]},"5":{"line":56,"type":"if","locations":[{"start":{"line":56,"column":1},"end":{"line":56,"column":1}},{"start":{"line":56,"column":1},"end":{"line":56,"column":1}}]}},"code":["var RecursiveObject = require('./RecursiveObject');","","/*"," * @param {Object} options"," * @param {Number} [options.width]"," * @param {Number} [options.height]"," * @returns {Cell}"," * @constructor"," */","function Layout (options) {","\tRecursiveObject.apply(this, arguments);","","\treturn this;","}","","Layout.prototype = new RecursiveObject;","","Layout.prototype.prerender = function () {","\tvar prerendered = this.availableSpace();","","\tprerendered.x = 0;","\tprerendered.y = 1;","","\tthis.prerendered = prerendered;","","\tthis.getChildren().forEach(function (row, i, children) {","\t\trow.prerender(","\t\t\tprerendered, // Bounding box","\t\t\ti > 0","\t\t\t\t? children[i - 1].prerendered","\t\t\t\t: { x: prerendered.x, y: prerendered.y } // Previous sibling, or parent x&y","\t\t);","\t});","};","","Layout.prototype.render = function () {","\tthis.getChildren().forEach(function (cell) {","\t\tcell.render();","\t});","","\treturn this;","};","","Layout.prototype.availableSpace = function () {","\tvar size = {","\t\twidth:  this.width  || process.stdout.columns,","\t\theight: this.height || process.stdout.rows","\t};","","\t// TODO: When the screen resizes (from large to small or the other way around) and the width comes past a point that","\t// a flowing column (view content, it appears) should or should no longer be rendered, the system crashes. This appears","\t// to be caused by an infinite loop, process with exit after out-of-memory.","\t// To avoid, width is hardcoded to 60, here's hoping","\tif (size.width < 60)","\t\tsize.width = 60;","\tif (size.height < 10)","\t\tsize.height = 10;","","\treturn size;","};","","module.exports = Layout;",""],"l":{"1":1,"10":1,"11":0,"13":0,"16":1,"18":1,"19":0,"21":0,"22":0,"24":0,"26":0,"27":0,"36":1,"37":0,"38":0,"41":0,"44":1,"45":0,"54":0,"55":0,"56":0,"57":0,"59":0,"62":1}},"/home/travis/build/npmtest/node-npmtest-interfais/node_modules/interfais/lib/classes/RecursiveObject.js":{"path":"/home/travis/build/npmtest/node-npmtest-interfais/node_modules/interfais/lib/classes/RecursiveObject.js","s":{"1":1,"2":1,"3":3,"4":3,"5":3,"6":3,"7":1,"8":1,"9":1,"10":0,"11":0,"12":0,"13":1,"14":0,"15":1,"16":0,"17":1,"18":0,"19":0,"20":1,"21":0,"22":0,"23":0,"24":0,"25":1,"26":0,"27":0,"28":0,"29":1,"30":0,"31":1,"32":0,"33":1,"34":0,"35":0,"36":0,"37":0,"38":1},"b":{"1":[0,0],"2":[0,0],"3":[0,0],"4":[0,0],"5":[0,0],"6":[0,0],"7":[0,0],"8":[0,0],"9":[0,0]},"f":{"1":3,"2":0,"3":0,"4":0,"5":0,"6":0,"7":0,"8":0,"9":0,"10":0,"11":0},"fnMap":{"1":{"name":"RecursiveObject","line":11,"loc":{"start":{"line":11,"column":0},"end":{"line":11,"column":34}}},"2":{"name":"(anonymous_2)","line":33,"loc":{"start":{"line":33,"column":32},"end":{"line":33,"column":59}}},"3":{"name":"(anonymous_3)","line":43,"loc":{"start":{"line":43,"column":38},"end":{"line":43,"column":50}}},"4":{"name":"(anonymous_4)","line":50,"loc":{"start":{"line":50,"column":38},"end":{"line":50,"column":50}}},"5":{"name":"(anonymous_5)","line":57,"loc":{"start":{"line":57,"column":38},"end":{"line":57,"column":56}}},"6":{"name":"(anonymous_6)","line":66,"loc":{"start":{"line":66,"column":39},"end":{"line":66,"column":51}}},"7":{"name":"(anonymous_7)","line":79,"loc":{"start":{"line":79,"column":40},"end":{"line":79,"column":52}}},"8":{"name":"(anonymous_8)","line":81,"loc":{"start":{"line":81,"column":58},"end":{"line":81,"column":77}}},"9":{"name":"(anonymous_9)","line":90,"loc":{"start":{"line":90,"column":37},"end":{"line":90,"column":54}}},"10":{"name":"(anonymous_10)","line":97,"loc":{"start":{"line":97,"column":40},"end":{"line":97,"column":52}}},"11":{"name":"(anonymous_11)","line":105,"loc":{"start":{"line":105,"column":37},"end":{"line":105,"column":54}}}},"statementMap":{"1":{"start":{"line":1,"column":0},"end":{"line":1,"column":57}},"2":{"start":{"line":11,"column":0},"end":{"line":17,"column":1}},"3":{"start":{"line":12,"column":1},"end":{"line":12,"column":43}},"4":{"start":{"line":14,"column":1},"end":{"line":14,"column":20}},"5":{"start":{"line":15,"column":1},"end":{"line":15,"column":20}},"6":{"start":{"line":16,"column":1},"end":{"line":16,"column":13}},"7":{"start":{"line":19,"column":0},"end":{"line":19,"column":48}},"8":{"start":{"line":20,"column":0},"end":{"line":20,"column":47}},"9":{"start":{"line":33,"column":0},"end":{"line":38,"column":2}},"10":{"start":{"line":34,"column":1},"end":{"line":35,"column":20}},"11":{"start":{"line":35,"column":2},"end":{"line":35,"column":20}},"12":{"start":{"line":37,"column":1},"end":{"line":37,"column":160}},"13":{"start":{"line":43,"column":0},"end":{"line":45,"column":2}},"14":{"start":{"line":44,"column":1},"end":{"line":44,"column":22}},"15":{"start":{"line":50,"column":0},"end":{"line":52,"column":2}},"16":{"start":{"line":51,"column":1},"end":{"line":51,"column":20}},"17":{"start":{"line":57,"column":0},"end":{"line":60,"column":2}},"18":{"start":{"line":58,"column":1},"end":{"line":58,"column":22}},"19":{"start":{"line":59,"column":1},"end":{"line":59,"column":13}},"20":{"start":{"line":66,"column":0},"end":{"line":74,"column":2}},"21":{"start":{"line":67,"column":1},"end":{"line":68,"column":14}},"22":{"start":{"line":70,"column":1},"end":{"line":72,"column":2}},"23":{"start":{"line":71,"column":2},"end":{"line":71,"column":24}},"24":{"start":{"line":73,"column":1},"end":{"line":73,"column":16}},"25":{"start":{"line":79,"column":0},"end":{"line":84,"column":2}},"26":{"start":{"line":80,"column":1},"end":{"line":80,"column":17}},"27":{"start":{"line":81,"column":1},"end":{"line":83,"column":9}},"28":{"start":{"line":82,"column":2},"end":{"line":82,"column":26}},"29":{"start":{"line":90,"column":0},"end":{"line":92,"column":2}},"30":{"start":{"line":91,"column":1},"end":{"line":91,"column":42}},"31":{"start":{"line":97,"column":0},"end":{"line":99,"column":2}},"32":{"start":{"line":98,"column":1},"end":{"line":98,"column":22}},"33":{"start":{"line":105,"column":0},"end":{"line":112,"column":2}},"34":{"start":{"line":106,"column":1},"end":{"line":106,"column":27}},"35":{"start":{"line":108,"column":1},"end":{"line":109,"column":24}},"36":{"start":{"line":109,"column":2},"end":{"line":109,"column":24}},"37":{"start":{"line":111,"column":1},"end":{"line":111,"column":13}},"38":{"start":{"line":114,"column":0},"end":{"line":114,"column":33}}},"branchMap":{"1":{"line":34,"type":"if","locations":[{"start":{"line":34,"column":1},"end":{"line":34,"column":1}},{"start":{"line":34,"column":1},"end":{"line":34,"column":1}}]},"2":{"line":37,"type":"binary-expr","locations":[{"start":{"line":37,"column":8},"end":{"line":37,"column":18}},{"start":{"line":37,"column":23},"end":{"line":37,"column":158}}]},"3":{"line":37,"type":"cond-expr","locations":[{"start":{"line":37,"column":77},"end":{"line":37,"column":109}},{"start":{"line":37,"column":113},"end":{"line":37,"column":157}}]},"4":{"line":37,"type":"binary-expr","locations":[{"start":{"line":37,"column":23},"end":{"line":37,"column":34}},{"start":{"line":37,"column":38},"end":{"line":37,"column":74}}]},"5":{"line":37,"type":"cond-expr","locations":[{"start":{"line":37,"column":127},"end":{"line":37,"column":144}},{"start":{"line":37,"column":147},"end":{"line":37,"column":157}}]},"6":{"line":70,"type":"binary-expr","locations":[{"start":{"line":70,"column":9},"end":{"line":70,"column":32}},{"start":{"line":70,"column":37},"end":{"line":70,"column":57}}]},"7":{"line":81,"type":"cond-expr","locations":[{"start":{"line":81,"column":22},"end":{"line":83,"column":3}},{"start":{"line":83,"column":6},"end":{"line":83,"column":8}}]},"8":{"line":81,"type":"binary-expr","locations":[{"start":{"line":81,"column":23},"end":{"line":81,"column":43}},{"start":{"line":81,"column":47},"end":{"line":81,"column":49}}]},"9":{"line":108,"type":"if","locations":[{"start":{"line":108,"column":1},"end":{"line":108,"column":1}},{"start":{"line":108,"column":1},"end":{"line":108,"column":1}}]}},"code":["var ConfigurableObject = require('./ConfigurableObject');","","/*"," * Conveinience object that can have more RecursiveObjects (or inheriting) in it."," * @todo Make parent and children private, only available through getters and setters"," * @todo Method \"removeChild\" and possibly \"removeParent\""," * @todo Review if making a chainable object is really what we want"," * @returns {RecursiveObject}"," * @constructor"," */","function RecursiveObject(options) {","\tConfigurableObject.apply(this, arguments);","","\tthis.parent = null;","\tthis.children = [];","\treturn this;","}","","var configurableObject = new ConfigurableObject;","RecursiveObject.prototype = configurableObject;","","/*"," * Returns whichever is defined first:"," *     own attribute,"," *     the parent getter for this attribute,"," *     the parent attribute,"," *     or its own attribute (undefined or whatever)"," * @note Overwrites the get() method on ConfigurableObject to be recursive"," * @param {String} attr"," * @param {Boolean} [noInherit]"," * @returns {*}"," */","RecursiveObject.prototype.get = function (attr, noInherit) {","\tif (noInherit)","\t\treturn this[attr];","","\treturn this[attr] || (this.parent && typeof this.parent.get == 'function' ? this.parent.get(attr, noInherit) : (this.parent ? this.parent[attr] : this[attr]));","};","","/**"," * @returns {Boolean}"," */","RecursiveObject.prototype.hasParent = function () {","\treturn !!this.parent;","};","","/**"," * @returns {ConfigurableObject}"," */","RecursiveObject.prototype.getParent = function () {","\treturn this.parent;","};","/**"," * @param {ConfigurableObject} parent"," * @returns {ConfigurableObject} self"," */","RecursiveObject.prototype.setParent = function (parent) {","\tthis.parent = parent;","\treturn this;","};","","","/**"," * @returns {Array.<ConfigurableObject>}"," */","RecursiveObject.prototype.getParents = function () {","\tvar parents = [],","\t\troot = this;","","\twhile ((root = root.getParent()) && parents.length < 100) {","\t\tparents.unshift(root);","\t}","\treturn parents;","};","","/**"," * @returns {Array.<ConfigurableObject>}"," */","RecursiveObject.prototype.getSiblings = function () {","\tvar self = this;","\treturn this.parent ? (this.parent.children || []).filter(function (sibling) {","\t\treturn sibling !== self;","\t}) : [];","};","","/**"," * @param {ConfigurableObject} child"," * @returns {Boolean}"," */","RecursiveObject.prototype.hasChild = function (child) {","\treturn this.children.indexOf(child) >= 0;","};","","/**"," * @returns {Array.<ConfigurableObject>}"," */","RecursiveObject.prototype.getChildren = function () {","\treturn this.children;","};","","/**"," * @param {ConfigurableObject} child"," * @returns {ConfigurableObject} self"," */","RecursiveObject.prototype.addChild = function (child) {","\tthis.children.push(child);","","\tif (typeof child.setParent == 'function')","\t\tchild.setParent(this);","","\treturn this;","};","","module.exports = RecursiveObject;"],"l":{"1":1,"11":1,"12":3,"14":3,"15":3,"16":3,"19":1,"20":1,"33":1,"34":0,"35":0,"37":0,"43":1,"44":0,"50":1,"51":0,"57":1,"58":0,"59":0,"66":1,"67":0,"70":0,"71":0,"73":0,"79":1,"80":0,"81":0,"82":0,"90":1,"91":0,"97":1,"98":0,"105":1,"106":0,"108":0,"109":0,"111":0,"114":1}},"/home/travis/build/npmtest/node-npmtest-interfais/node_modules/interfais/lib/classes/ConfigurableObject.js":{"path":"/home/travis/build/npmtest/node-npmtest-interfais/node_modules/interfais/lib/classes/ConfigurableObject.js","s":{"1":1,"2":4,"3":0,"4":4,"5":0,"6":1,"7":0,"8":0,"
[...]
0,"164":0,"165":0,"167":0,"169":0,"172":0,"173":0,"174":0,"175":0,"176":0,"177":0,"178":0,"180":0,"181":0,"185":0,"186":0,"187":0,"188":0,"190":0,"191":0}},"/home/travis/build/npmtest/node-npmtest-interfais/node_modules/interfais/lib/managers/RouteManager.js":{"path":"/home/travis/build/npmtest/node-npmtest-interfais/node_modules/interfais/lib/managers/RouteManager.js","s":{"1":1,"2":1,"3":0,"4":0,"5":0,"6":0,"7":0,"8":0,"9":0,"10":0,"11":0,"12":0,"13":0,"14":0,"15":0,"16":0,"17":0,"18":0,"19":0,"20":0,"21":0,"22":0,"23":0,"24":0,"25":0,"26":0},"b":{"1":[0,0],"2":[0,0],"3":[0,0],"4":[0,0]},"f":{"1":0,"2":0,"3":0,"4":0,"5":0,"6":0,"7":0,"8":0,"9":0},"fnMap":{"1":{"name":"RouteManager","line":8,"loc":{"start":{"line":8,"column":0},"end":{"line":8,"column":27}}},"2":{"name":"(anonymous_2)","line":18,"loc":{"start":{"line":18,"column":13},"end":{"line":18,"column":25}}},"3":{"name":"(anonymous_3)","line":27,"loc":{"start":{"line":27,"column":22},"end":{"line":27,"column":55}}},"4":{"name":"(anonymous_4)","line":28,"loc":{"start":{"line":28,"column":34},"end":{"line":28,"column":57}}},"5":{"name":"(anonymous_5)","line":39,"loc":{"start":{"line":39,"column":21},"end":{"line":39,"column":47}}},"6":{"name":"(anonymous_6)","line":49,"loc":{"start":{"line":49,"column":18},"end":{"line":49,"column":45}}},"7":{"name":"(anonymous_7)","line":61,"loc":{"start":{"line":61,"column":24},"end":{"line":61,"column":44}}},"8":{"name":"(anonymous_8)","line":72,"loc":{"start":{"line":72,"column":17},"end":{"line":72,"column":49}}},"9":{"name":"(anonymous_9)","line":86,"loc":{"start":{"line":86,"column":22},"end":{"line":86,"column":36}}}},"statementMap":{"1":{"start":{"line":1,"column":0},"end":{"line":1,"column":30}},"2":{"start":{"line":8,"column":0},"end":{"line":90,"column":1}},"3":{"start":{"line":10,"column":1},"end":{"line":12,"column":21}},"4":{"start":{"line":18,"column":1},"end":{"line":20,"column":3}},"5":{"start":{"line":27,"column":1},"end":{"line":32,"column":3}},"6":{"start":{"line":28,"column":2},"end":{"line":30,"column":5}},"7":{"start":{"line":29,"column":3},"end":{"line":29,"column":70}},"8":{"start":{"line":31,"column":2},"end":{"line":31,"column":33}},"9":{"start":{"line":39,"column":1},"end":{"line":41,"column":3}},"10":{"start":{"line":40,"column":2},"end":{"line":40,"column":25}},"11":{"start":{"line":49,"column":1},"end":{"line":64,"column":3}},"12":{"start":{"line":50,"column":2},"end":{"line":50,"column":32}},"13":{"start":{"line":52,"column":2},"end":{"line":53,"column":38}},"14":{"start":{"line":53,"column":3},"end":{"line":53,"column":38}},"15":{"start":{"line":55,"column":2},"end":{"line":59,"column":3}},"16":{"start":{"line":56,"column":3},"end":{"line":58,"column":4}},"17":{"start":{"line":57,"column":4},"end":{"line":57,"column":51}},"18":{"start":{"line":61,"column":2},"end":{"line":63,"column":5}},"19":{"start":{"line":62,"column":3},"end":{"line":62,"column":30}},"20":{"start":{"line":72,"column":1},"end":{"line":79,"column":3}},"21":{"start":{"line":73,"column":2},"end":{"line":73,"column":29}},"22":{"start":{"line":76,"column":2},"end":{"line":77,"column":69}},"23":{"start":{"line":77,"column":3},"end":{"line":77,"column":69}},"24":{"start":{"line":78,"column":2},"end":{"line":78,"column":27}},"25":{"start":{"line":86,"column":1},"end":{"line":88,"column":2}},"26":{"start":{"line":87,"column":2},"end":{"line":87,"column":25}}},"branchMap":{"1":{"line":52,"type":"if","locations":[{"start":{"line":52,"column":2},"end":{"line":52,"column":2}},{"start":{"line":52,"column":2},"end":{"line":52,"column":2}}]},"2":{"line":52,"type":"binary-expr","locations":[{"start":{"line":52,"column":6},"end":{"line":52,"column":12}},{"start":{"line":52,"column":16},"end":{"line":52,"column":29}}]},"3":{"line":56,"type":"if","locations":[{"start":{"line":56,"column":3},"end":{"line":56,"column":3}},{"start":{"line":56,"column":3},"end":{"line":56,"column":3}}]},"4":{"line":76,"type":"if","locations":[{"start":{"line":76,"column":2},"end":{"line":76,"column":2}},{"start":{"line":76,"column":2},"end":{"line":76,"column":2}}]}},"code":["module.exports = RouteManager;","/**"," * @name RouteManager"," * @TODO: Subject to refactoring, code is quite old."," * @param {Interfais} app"," * @constructor"," */","function RouteManager(app) {","","\tvar routes = {},","\t\tcells = {},","\t\tonRouteChange = [];","","","\t/**","\t * @method RouteManager#init","\t */","\tthis.init = function () {","","\t};","","\t/**","\t * @method RouteManager#registerRoute","\t * @param routeName","\t * @param routeViews","\t */","\tthis.registerRoute = function (routeName, routeViews) {","\t\tObject.keys(routeViews).forEach(function (routeViewFn) {","\t\t\trouteViews[routeViewFn] = app.viewFactory(routeViews[routeViewFn]);","\t\t});","\t\troutes[routeName] = routeViews;","\t};","","\t/**","\t * @method RouteManager#registerCell","\t * @param cellName","\t * @param cell","\t */","\tthis.registerCell = function (cellName, cell) {","\t\tcells[cellName] = cell;","\t};","","\t/**","\t * @method RouteManager#openRoute","\t * @param routeName","\t * @param args","\t * @returns {*}","\t */","\tthis.openRoute = function (routeName, args) {","\t\tvar route = routes[routeName];","","\t\tif (!route && routes['404'])","\t\t\treturn this.openRoute('404', args);","","\t\tfor (var cellName in route) {","\t\t\tif (route.hasOwnProperty(cellName)) {","\t\t\t\tthis.openView(cellName, route[cellName], args);","\t\t\t}","\t\t}","","\t\tonRouteChange.forEach(function (listener) {","\t\t\tlistener(route, routeName);","\t\t});","\t};","","\t/**","\t * @method RouteManager#openView","\t * @param cellName","\t * @param view","\t * @param args","\t */","\tthis.openView = function (cellName, view, args) {","\t\tvar cell = cells[cellName];","","\t\t// If cell does not exist, skip","\t\tif (!cell)","\t\t\tthrow new Error('Route contains invalid cell \"' + cellName + '\"');","\t\tcell.setView(view, args);","\t};","","\t/**","\t * @method RouteManager#onRouteChange","\t * @TODO: Make event emitter because fuck you","\t * @param cb","\t */","\tthis.onRouteChange = function (cb) {","\t\tonRouteChange.push(cb);","\t}","","}"],"l":{"1":1,"8":1,"10":0,"18":0,"27":0,"28":0,"29":0,"31":0,"39":0,"40":0,"49":0,"50":0,"52":0,"53":0,"55":0,"56":0,"57":0,"61":0,"62":0,"72":0,"73":0,"76":0,"77":0,"78":0,"86":0,"87":0}},"/home/travis/build/npmtest/node-npmtest-interfais/node_modules/interfais/lib/helpers/renderHelper.js":{"path":"/home/travis/build/npmtest/node-npmtest-interfais/node_modules/interfais/lib/helpers/renderHelper.js","s":{"1":1,"2":1,"3":0,"4":0,"5":0,"6":0,"7":0,"8":0,"9":0,"10":0,"11":0,"12":0,"13":0,"14":0,"15":0,"16":0,"17":0,"18":0,"19":0,"20":0,"21":0,"22":0,"23":0,"24":0,"25":0,"26":0,"27":0,"28":0,"29":0,"30":0,"31":0,"32":0,"33":0,"34":0,"35":0,"36":0,"37":0,"38":0,"39":0,"40":0,"41":0,"42":0,"43":0,"44":0,"45":0,"46":1},"b":{"1":[0,0],"2":[0,0],"3":[0,0],"4":[0,0],"5":[0,0],"6":[0,0],"7":[0,0],"8":[0,0],"9":[0,0],"10":[0,0],"11":[0,0],"12":[0,0],"13":[0,0],"14":[0,0],"15":[0,0],"16":[0,0],"17":[0,0],"18":[0,0],"19":[0,0],"20":[0,0],"21":[0,0],"22":[0,0]},"f":{"1":0,"2":0,"3":0,"4":0,"5":0,"6":0,"7":0,"8":0,"9":0,"10":0,"11":0,"12":0,"13":0,"14":0},"fnMap":{"1":{"name":"(anonymous_1)","line":15,"loc":{"start":{"line":15,"column":9},"end":{"line":15,"column":21}}},"2":{"name":"(anonymous_2)","line":19,"loc":{"start":{"line":19,"column":8},"end":{"line":19,"column":24}}},"3":{"name":"(anonymous_3)","line":23,"loc":{"start":{"line":23,"column":7},"end":{"line":23,"column":24}}},"4":{"name":"(anonymous_4)","line":28,"loc":{"start":{"line":28,"column":19},"end":{"line":28,"column":35}}},"5":{"name":"(anonymous_5)","line":35,"loc":{"start":{"line":35,"column":11},"end":{"line":35,"column":37}}},"6":{"name":"(anonymous_6)","line":42,"loc":{"start":{"line":42,"column":34},"end":{"line":42,"column":52}}},"7":{"name":"(anonymous_7)","line":56,"loc":{"start":{"line":56,"column":47},"end":{"line":56,"column":73}}},"8":{"name":"(anonymous_8)","line":64,"loc":{"start":{"line":64,"column":22},"end":{"line":64,"column":49}}},"9":{"name":"(anonymous_9)","line":67,"loc":{"start":{"line":67,"column":51},"end":{"line":67,"column":70}}},"10":{"name":"(anonymous_10)","line":81,"loc":{"start":{"line":81,"column":7},"end":{"line":81,"column":23}}},"11":{"name":"(anonymous_11)","line":93,"loc":{"start":{"line":93,"column":21},"end":{"line":93,"column":60}}},"12":{"name":"(anonymous_12)","line":98,"loc":{"start":{"line":98,"column":49},"end":{"line":98,"column":68}}},"13":{"name":"(anonymous_13)","line":106,"loc":{"start":{"line":106,"column":12},"end":{"line":106,"column":40}}},"14":{"name":"(anonymous_14)","line":112,"loc":{"start":{"line":112,"column":21},"end":{"line":112,"column":60}}}},"statementMap":{"1":{"start":{"line":1,"column":0},"end":{"line":2,"column":42}},"2":{"start":{"line":13,"column":0},"end":{"line":122,"column":2}},"3":{"start":{"line":16,"column":2},"end":{"line":16,"column":21}},"4":{"start":{"line":20,"column":2},"end":{"line":20,"column":59}},"5":{"start":{"line":24,"column":2},"end":{"line":25,"column":19}},"6":{"start":{"line":25,"column":3},"end":{"line":25,"column":19}},"7":{"start":{"line":27,"column":2},"end":{"line":27,"column":37}},"8":{"start":{"line":28,"column":2},"end":{"line":32,"column":5}},"9":{"start":{"line":29,"column":3},"end":{"line":30,"column":28}},"10":{"start":{"line":30,"column":4},"end":{"line":30,"column":28}},"11":{"start":{"line":31,"column":3},"end":{"line":31,"column":31}},"12":{"start":{"line":37,"column":2},"end":{"line":38,"column":16}},"13":{"start":{"line":38,"column":3},"end":{"line":38,"column":16}},"14":{"start":{"line":41,"column":2},"end":{"line":47,"column":6}},"15":{"start":{"line":42,"column":3},"end":{"line":47,"column":6}},"16":{"start":{"line":43,"column":4},"end":{"line":46,"column":6}},"17":{"start":{"line":49,"column":2},"end":{"line":50,"column":15}},"18":{"start":{"line":50,"column":3},"end":{"line":50,"column":15}},"19":{"start":{"line":52,"column":2},"end":{"line":62,"column":67}},"20":{"start":{"line":57,"column":4},"end":{"line":58,"column":28}},"21":{"start":{"line":58,"column":5},"end":{"line":58,"column":28}},"22":{"start":{"line":59,"column":4},"end":{"line":59,"column":21}},"23":{"start":{"line":64,"column":2},"end":{"line":78,"column":9}},"24":{"start":{"line":65,"column":3},"end":{"line":65,"column":100}},"25":{"start":{"line":67,"column":3},"end":{"line":77,"column":7}},"26":{"start":{"line":68,"column":4},"end":{"line":68,"column":17}},"27":{"start":{"line":69,"column":4},"end":{"line":72,"column":57}},"28":{"start":{"line":70,"column":5},"end":{"line":70,"column":123}},"29":{"start":{"line":72,"column":5},"end":{"line":72,"column":57}},"30":{"start":{"line":74,"column":4},"end":{"line":74,"column":16}},"31":{"start":{"line":76,"column":4},"end":{"line":76,"column":15}},"32":{"start":{"line":82,"column":2},"end":{"line":88,"column":63}},"33":{"start":{"line":90,"column":2},"end":{"line":91,"column":17}},"34":{"start":{"line":91,"column":3},"end":{"line":91,"column":17}},"35":{"start":{"line":93,"column":2},"end":{"line":101,"column":9}},"36":{"start":{"line":94,"column":3},"end":{"line":96,"column":19}},"37":{"start":{"line":98,"column":3},"end":{"line":100,"column":7}},"38":{"start":{"line":99,"column":4},"end":{"line":99,"column":159}},"39":{"start":{"line":103,"column":2},"end":{"line":103,"column":14}},"40":{"start":{"line":107,"column":2},"end":{"line":107,"column":37}},"41":{"start":{"line":109,"column":2},"end":{"line":110,"column":17}},"42":{"start":{"line":110,"column":3},"end":{"line":110,"column":17}},"43":{"start":{"line":112,"column":2},"end":{"line":118,"column":9}},"44":{"start":{"line":113,"column":3},"end":{"line":117,"column":5}},"45":{"start":{"line":120,"column":2},"end":{"line":120,"column":14}},"46":{"start":{"line":125,"column":0},"end":{"line":125,"column":27}}},"branchMap":{"1":{"line":24,"type":"if","locations":[{"start":{"line":24,"column":2},"end":{"line":24,"column":2}},{"start":{"line":24,"column":2},"end":{"line":24,"column":2}}]},"2":{"line":24,"type":"binary-expr","locations":[{"start":{"line":24,"column":8},"end":{"line":24,"column":33}},{"start":{"line":24,"column":37},"end":{"line":24,"column":49}}]},"3":{"line":29,"type":"if","locations":[{"start":{"line":29,"column":3},"end":{"line":29,"column":3}},{"start":{"line":29,"column":3},"end":{"line":29,"column":3}}]},"4":{"line":37,"type":"if","locations":[{"start":{"line":37,"column":2},"end":{"line":37,"column":2}},{"start":{"line":37,"column":2},"end":{"line":37,"column":2}}]},"5":{"line":41,"type":"if","locations":[{"start":{"line":41,"column":2},"end":{"line":41,"column":2}},{"start":{"line":41,"column":2},"end":{"line":41,"column":2}}]},"6":{"line":41,"type":"binary-expr","locations":[{"start":{"line":41,"column":5},"end":{"line":41,"column":30}},{"start":{"line":41,"column":34},"end":{"line":41,"column":69}}]},"7":{"line":49,"type":"if","locations":[{"start":{"line":49,"column":2},"end":{"line":49,"column":2}},{"start":{"line":49,"column":2},"end":{"line":49,"column":2}}]},"8":{"line":49,"type":"binary-expr","locations":[{"start":{"line":49,"column":5},"end":{"line":49,"column":11}},{"start":{"line":49,"column":15},"end":{"line":49,"column":28}}]},"9":{"line":52,"type":"binary-expr","locations":[{"start":{"line":52,"column":24},"end":{"line":52,"column":41}},{"start":{"line":52,"column":45},"end":{"line":52,"column":51}}]},"10":{"line":56,"type":"binary-expr","locations":[{"start":{"line":56,"column":14},"end":{"line":56,"column":30}},{"start":{"line":56,"column":34},"end":{"line":60,"column":8}}]},"11":{"line":57,"type":"if","locations":[{"start":{"line":57,"column":4},"end":{"line":57,"column":4}},{"start":{"line":57,"column":4},"end":{"line":57,"column":4}}]},"12":{"line":69,"type":"if","locations":[{"start":{"line":69,"column":4},"end":{"line":69,"column":4}},{"start":{"line":69,"column":4},"end":{"line":69,"column":4}}]},"13":{"line":90,"type":"if","locations":[{"start":{"line":90,"column":2},"end":{"line":90,"column":2}},{"start":{"line":90,"column":2},"end":{"line":90,"column":2}}]},"14":{"line":90,"type":"binary-expr","locations":[{"start":{"line":90,"column":8},"end":{"line":90,"column":32}},{"start":{"line":90,"column":36},"end":{"line":90,"column":47}}]},"15":{"line":94,"type":"cond-expr","locations":[{"start":{"line":95,"column":6},"end":{"line":95,"column":73}},{"start":{"line":96,"column":6},"end":{"line":96,"column":18}}]},"16":{"line":94,"type":"binary-expr","locations":[{"start":{"line":94,"column":24},"end":{"line":94,"column":56}},{"start":{"line":94,"column":60},"end":{"line":94,"column":92}}]},"17":{"line":99,"type":"cond-expr","locations":[{"start":{"line":99,"column":64},"end":{"line":99,"column":117}},{"start":{"line":99,"column":120},"end":{"line":99,"column":150}}]},"18":{"line":109,"type":"if","locations":[{"start":{"line":109,"column":2},"end":{"line":109,"column":2}},{"start":{"line":109,"column":2},"end":{"line":109,"column":2}}]},"19":{"line":109,"type":"binary-expr","locations":[{"start":{"line":109,"column":8},"end":{"line":109,"column":32}},{"start":{"line":109,"column":36},"end":{"line":109,"column":47}}]},"20":{"line":114,"type":"cond-expr","locations":[{"start":{"line":115,"column":7},"end":{"line":115,"column":113}},{"start":{"line":116,"column":7},"end":{"line":116,"column":19}}]},"21":{"line":114,"type":"binary-expr","locations":[{"start":{"line":114,"column":5},"end":{"line":114,"column":37}},{"start":{"line":114,"column":41},"end":{"line":114,"column":73}}]},"22":{"line":115,"type":"binary-expr","locations":[{"start":{"line":115,"column":27},"end":{"line":115,"column":37}},{"start":{"line":115,"column":41},"end":{"line":115,"column":43}}]}},"code":["var wordwrap = require('wordwrap'),","\tstringHelper = require('./stringHelper');","","/*"," * Render functions that may be queued with their respective arguments."," *"," * All prerenderers return an array of strings that are already wrapped and colorized, so that they can be rerendered easily."," *"," * All prerenderers have the uiFactory context."," *"," * @todo not strictly helper functions because they assume to have a certain context!"," */","var prerender = {","","\tspacer: function () {","\t\treturn [undefined];","\t},","","\truler: function (char) {","\t\treturn [stringHelper.fill(this.getContentWidth(), char)];","\t},","","\tline: function (lines) {","\t\tif (!(typeof lines === 'object' && lines.length))","\t\t\tlines = [lines];","","\t\tvar width = this.getContentWidth();","\t\treturn lines.map(function (line) {","\t\t\tif (!line)","\t\t\t\treturn '$ invalid line';","\t\t\treturn line.substr(0, width)","\t\t});","\t},","","\tkeyValue: function (pairs, options) {","","\t\tif(!options)","\t\t\toptions = {};","","","\t\tif(typeof pairs === 'object' && typeof pairs.forEach !== 'function')","\t\t\tpairs = Object.keys(pairs).map(function(keyName) {","\t\t\t\treturn {","\t\t\t\t\tkey: keyName,","\t\t\t\t\tvalue: pairs[keyName]","\t\t\t\t};","\t\t\t});","","\t\tif(!pairs || !pairs.length)","\t\t\treturn null;","","\t\tvar seperatorString = options.seperator || '    ',","\t\t\tkeyFormatting = {","\t\t\t\tdim: true","\t\t\t},","\t\t\tkeyWidth = options.keyWidth || pairs.reduce(function(maxLength, pair) {","\t\t\t\tif(pair.key.length > maxLength)","\t\t\t\t\treturn pair.key.length;","\t\t\t\treturn maxLength;","\t\t\t}, 0),","\t\t\tseperatorWidth = seperatorString.length,","\t\t\tvalueWidth = this.getContentWidth() - keyWidth - seperatorWidth;","","\t\treturn pairs.reduce(function (pairLines, pair) {","\t\t\tvar linesInWrappedValue = wordwrap(0, valueWidth, { mode: 'hard' })('' + pair.value).split('\\n');","","\t\t\treturn pairLines.concat(linesInWrappedValue.map(function (line, i) {","\t\t\t\tvar str = '';","\t\t\t\tif(i === 0)","\t\t\t\t\tstr += stringHelper.format(keyFormatting, pair.key + stringHelper.fill(keyWidth - pair.key.length) + seperatorString);","\t\t\t\telse","\t\t\t\t\tstr += stringHelper.fill(keyWidth + seperatorWidth);","","\t\t\t\tstr += line;","","\t\t\t\treturn str;","\t\t\t}));","\t\t}, []);","\t},","","\tlist: function (text) {","\t\tvar indent = 0,","\t\t\tindentChar = '  >  ',","\t\t\tindentWidth = indentChar.length,","\t\t\tindentCharFormatting = {","\t\t\t\tdim: true","\t\t\t},","\t\t\twidth = this.getContentWidth() - (indent + 1) * indentWidth;","","\t\tif (!(typeof text === 'object' && text.length))","\t\t\ttext = [text];","","\t\ttext = text.reduce(function (previousValue, currentValue) {","\t\t\tvar listItemLines = (typeof currentValue === 'string' || typeof currentValue === 'number')","\t\t\t\t? wordwrap(0, width, { mode: 'hard' })('' + currentValue).split('\\n')","\t\t\t\t: currentValue;","","\t\t\treturn previousValue.concat(listItemLines.map(function (line, i) {","\t\t\t\treturn stringHelper.fill(indent * indentWidth) + (i === 0 ? stringHelper.format(indentCharFormatting, indentChar) : stringHelper.fill(indentWidth)) + line;","\t\t\t}));","\t\t}, []);","","\t\treturn text;","\t},","","\tparagraph: function (text, formatting) {","\t\tvar width = this.getContentWidth();","","\t\tif (!(typeof text === 'object' && text.length))","\t\t\ttext = [text];","","\t\ttext = text.reduce(function (previousValue, currentValue) {","\t\t\treturn previousValue.concat(","\t\t\t\t(typeof currentValue === 'string' || typeof currentValue === 'number')","\t\t\t\t\t? stringHelper.format(formatting || {}, wordwrap(0, width, { mode: 'hard' })('' + currentValue)).split('\\n')","\t\t\t\t\t: currentValue","\t\t\t);","\t\t}, []);","","\t\treturn text;","\t}","};","","","module.exports = prerender;",""],"l":{"1":1,"13":1,"16":0,"20":0,"24":0,"25":0,"27":0,"28":0,"29":0,"30":0,"31":0,"37":0,"38":0,"41":0,"42":0,"43":0,"49":0,"50":0,"52":0,"57":0,"58":0,"59":0,"64":0,"65":0,"67":0,"68":0,"69":0,"70":0,"72":0,"74":0,"76":0,"82":0,"90":0,"91":0,"93":0,"94":0,"98":0,"99":0,"103":0,"107":0,"109":0,"110":0,"112":0,"113":0,"120":0,"125":1}}}